mode: set
github.com/d5/tengo/compiler/parser/error.go:11.31,12.45 1 1
github.com/d5/tengo/compiler/parser/error.go:16.2,16.14 1 0
github.com/d5/tengo/compiler/parser/error.go:12.45,14.3 1 1
github.com/d5/tengo/compiler/parser/error_list.go:14.57,16.2 1 1
github.com/d5/tengo/compiler/parser/error_list.go:19.30,21.2 1 1
github.com/d5/tengo/compiler/parser/error_list.go:23.35,25.2 1 1
github.com/d5/tengo/compiler/parser/error_list.go:27.40,31.30 3 1
github.com/d5/tengo/compiler/parser/error_list.go:35.2,35.22 1 1
github.com/d5/tengo/compiler/parser/error_list.go:39.2,39.26 1 0
github.com/d5/tengo/compiler/parser/error_list.go:43.2,43.28 1 0
github.com/d5/tengo/compiler/parser/error_list.go:31.30,33.3 1 0
github.com/d5/tengo/compiler/parser/error_list.go:35.22,37.3 1 1
github.com/d5/tengo/compiler/parser/error_list.go:39.26,41.3 1 0
github.com/d5/tengo/compiler/parser/error_list.go:47.27,49.2 1 1
github.com/d5/tengo/compiler/parser/error_list.go:51.35,52.16 1 1
github.com/d5/tengo/compiler/parser/error_list.go:58.2,58.63 1 1
github.com/d5/tengo/compiler/parser/error_list.go:53.9,54.21 1 0
github.com/d5/tengo/compiler/parser/error_list.go:55.9,56.22 1 0
github.com/d5/tengo/compiler/parser/error_list.go:62.32,63.17 1 1
github.com/d5/tengo/compiler/parser/error_list.go:67.2,67.10 1 1
github.com/d5/tengo/compiler/parser/error_list.go:63.17,65.3 1 1
github.com/d5/tengo/compiler/parser/parse_file.go:11.91,14.15 2 1
github.com/d5/tengo/compiler/parser/parse_file.go:25.2,27.8 2 1
github.com/d5/tengo/compiler/parser/parse_file.go:14.15,15.31 1 1
github.com/d5/tengo/compiler/parser/parse_file.go:21.3,22.23 2 1
github.com/d5/tengo/compiler/parser/parse_file.go:15.31,16.33 1 0
github.com/d5/tengo/compiler/parser/parse_file.go:16.33,17.13 1 0
github.com/d5/tengo/compiler/parser/parse_source.go:11.74,16.2 3 1
github.com/d5/tengo/compiler/parser/parser.go:43.72,50.83 2 1
github.com/d5/tengo/compiler/parser/parser.go:54.2,56.10 2 1
github.com/d5/tengo/compiler/parser/parser.go:50.83,52.3 1 1
github.com/d5/tengo/compiler/parser/parser.go:60.49,61.13 1 1
github.com/d5/tengo/compiler/parser/parser.go:65.2,65.24 1 1
github.com/d5/tengo/compiler/parser/parser.go:69.2,70.24 2 1
github.com/d5/tengo/compiler/parser/parser.go:74.2,77.8 1 1
github.com/d5/tengo/compiler/parser/parser.go:61.13,63.3 1 0
github.com/d5/tengo/compiler/parser/parser.go:65.24,67.3 1 1
github.com/d5/tengo/compiler/parser/parser.go:70.24,72.3 1 1
github.com/d5/tengo/compiler/parser/parser.go:80.39,81.13 1 1
github.com/d5/tengo/compiler/parser/parser.go:85.2,85.48 1 1
github.com/d5/tengo/compiler/parser/parser.go:81.13,83.3 1 0
github.com/d5/tengo/compiler/parser/parser.go:88.54,89.13 1 1
github.com/d5/tengo/compiler/parser/parser.go:93.2,95.6 2 1
github.com/d5/tengo/compiler/parser/parser.go:89.13,91.3 1 0
github.com/d5/tengo/compiler/parser/parser.go:95.6,97.19 2 1
github.com/d5/tengo/compiler/parser/parser.go:101.3,109.4 3 1
github.com/d5/tengo/compiler/parser/parser.go:97.19,99.4 1 1
github.com/d5/tengo/compiler/parser/parser.go:113.44,114.13 1 1
github.com/d5/tengo/compiler/parser/parser.go:118.2,118.17 1 1
github.com/d5/tengo/compiler/parser/parser.go:130.2,130.29 1 1
github.com/d5/tengo/compiler/parser/parser.go:114.13,116.3 1 0
github.com/d5/tengo/compiler/parser/parser.go:119.50,127.4 4 1
github.com/d5/tengo/compiler/parser/parser.go:133.46,134.13 1 1
github.com/d5/tengo/compiler/parser/parser.go:138.2,141.6 2 1
github.com/d5/tengo/compiler/parser/parser.go:164.2,164.10 1 1
github.com/d5/tengo/compiler/parser/parser.go:134.13,136.3 1 0
github.com/d5/tengo/compiler/parser/parser.go:141.6,142.18 1 1
github.com/d5/tengo/compiler/parser/parser.go:143.21,146.19 2 1
github.com/d5/tengo/compiler/parser/parser.go:155.21,156.30 1 1
github.com/d5/tengo/compiler/parser/parser.go:157.21,158.22 1 1
github.com/d5/tengo/compiler/parser/parser.go:159.11,160.11 1 1
github.com/d5/tengo/compiler/parser/parser.go:147.21,148.27 1 1
github.com/d5/tengo/compiler/parser/parser.go:149.12,153.46 4 1
github.com/d5/tengo/compiler/parser/parser.go:167.54,168.13 1 1
github.com/d5/tengo/compiler/parser/parser.go:172.2,176.54 4 1
github.com/d5/tengo/compiler/parser/parser.go:184.2,192.3 3 1
github.com/d5/tengo/compiler/parser/parser.go:168.13,170.3 1 0
github.com/d5/tengo/compiler/parser/parser.go:176.54,179.52 2 1
github.com/d5/tengo/compiler/parser/parser.go:179.52,180.9 1 1
github.com/d5/tengo/compiler/parser/parser.go:195.69,196.28 1 1
github.com/d5/tengo/compiler/parser/parser.go:207.2,207.54 1 1
github.com/d5/tengo/compiler/parser/parser.go:211.2,211.14 1 1
github.com/d5/tengo/compiler/parser/parser.go:196.28,199.25 2 1
github.com/d5/tengo/compiler/parser/parser.go:204.3,204.14 1 1
github.com/d5/tengo/compiler/parser/parser.go:199.25,202.4 2 1
github.com/d5/tengo/compiler/parser/parser.go:207.54,209.3 1 1
github.com/d5/tengo/compiler/parser/parser.go:214.57,215.13 1 1
github.com/d5/tengo/compiler/parser/parser.go:219.2,223.28 4 1
github.com/d5/tengo/compiler/parser/parser.go:226.2,227.28 2 1
github.com/d5/tengo/compiler/parser/parser.go:236.2,239.19 3 1
github.com/d5/tengo/compiler/parser/parser.go:250.2,255.3 1 1
github.com/d5/tengo/compiler/parser/parser.go:215.13,217.3 1 0
github.com/d5/tengo/compiler/parser/parser.go:223.28,225.3 1 1
github.com/d5/tengo/compiler/parser/parser.go:227.28,231.54 3 1
github.com/d5/tengo/compiler/parser/parser.go:231.54,233.4 1 1
github.com/d5/tengo/compiler/parser/parser.go:239.19,248.3 1 1
github.com/d5/tengo/compiler/parser/parser.go:258.53,259.13 1 1
github.com/d5/tengo/compiler/parser/parser.go:263.2,269.4 2 1
github.com/d5/tengo/compiler/parser/parser.go:259.13,261.3 1 0
github.com/d5/tengo/compiler/parser/parser.go:272.42,273.13 1 1
github.com/d5/tengo/compiler/parser/parser.go:277.2,277.17 1 1
github.com/d5/tengo/compiler/parser/parser.go:360.2,363.43 4 1
github.com/d5/tengo/compiler/parser/parser.go:273.13,275.3 1 0
github.com/d5/tengo/compiler/parser/parser.go:278.19,279.24 1 1
github.com/d5/tengo/compiler/parser/parser.go:281.17,289.11 4 1
github.com/d5/tengo/compiler/parser/parser.go:291.19,299.11 4 1
github.com/d5/tengo/compiler/parser/parser.go:301.18,302.26 1 1
github.com/d5/tengo/compiler/parser/parser.go:304.20,312.11 4 1
github.com/d5/tengo/compiler/parser/parser.go:314.18,321.11 3 1
github.com/d5/tengo/compiler/parser/parser.go:323.19,330.11 3 1
github.com/d5/tengo/compiler/parser/parser.go:332.23,335.11 3 0
github.com/d5/tengo/compiler/parser/parser.go:337.20,348.4 7 1
github.com/d5/tengo/compiler/parser/parser.go:350.20,351.27 1 1
github.com/d5/tengo/compiler/parser/parser.go:353.20,354.25 1 1
github.com/d5/tengo/compiler/parser/parser.go:356.18,357.26 1 1
github.com/d5/tengo/compiler/parser/parser.go:366.42,367.34 1 1
github.com/d5/tengo/compiler/parser/parser.go:379.2,385.3 4 0
github.com/d5/tengo/compiler/parser/parser.go:367.34,368.82 1 1
github.com/d5/tengo/compiler/parser/parser.go:368.82,376.4 3 1
github.com/d5/tengo/compiler/parser/parser.go:388.42,389.13 1 1
github.com/d5/tengo/compiler/parser/parser.go:393.2,402.3 5 1
github.com/d5/tengo/compiler/parser/parser.go:389.13,391.3 1 0
github.com/d5/tengo/compiler/parser/parser.go:405.43,406.13 1 1
github.com/d5/tengo/compiler/parser/parser.go:410.2,414.54 4 1
github.com/d5/tengo/compiler/parser/parser.go:422.2,429.3 3 1
github.com/d5/tengo/compiler/parser/parser.go:406.13,408.3 1 0
github.com/d5/tengo/compiler/parser/parser.go:414.54,417.52 2 1
github.com/d5/tengo/compiler/parser/parser.go:417.52,418.9 1 1
github.com/d5/tengo/compiler/parser/parser.go:433.48,434.13 1 1
github.com/d5/tengo/compiler/parser/parser.go:438.2,444.3 3 1
github.com/d5/tengo/compiler/parser/parser.go:434.13,436.3 1 0
github.com/d5/tengo/compiler/parser/parser.go:447.45,448.13 1 1
github.com/d5/tengo/compiler/parser/parser.go:452.2,460.3 4 1
github.com/d5/tengo/compiler/parser/parser.go:448.13,450.3 1 0
github.com/d5/tengo/compiler/parser/parser.go:463.52,464.13 1 1
github.com/d5/tengo/compiler/parser/parser.go:468.2,468.107 1 1
github.com/d5/tengo/compiler/parser/parser.go:472.2,472.8 1 1
github.com/d5/tengo/compiler/parser/parser.go:464.13,466.3 1 0
github.com/d5/tengo/compiler/parser/parser.go:468.107,470.3 1 1
github.com/d5/tengo/compiler/parser/parser.go:475.42,479.28 3 1
github.com/d5/tengo/compiler/parser/parser.go:486.2,489.3 1 1
github.com/d5/tengo/compiler/parser/parser.go:479.28,482.3 2 1
github.com/d5/tengo/compiler/parser/parser.go:482.8,484.3 1 0
github.com/d5/tengo/compiler/parser/parser.go:492.50,493.13 1 1
github.com/d5/tengo/compiler/parser/parser.go:497.2,499.29 3 1
github.com/d5/tengo/compiler/parser/parser.go:506.2,512.3 2 1
github.com/d5/tengo/compiler/parser/parser.go:493.13,495.3 1 0
github.com/d5/tengo/compiler/parser/parser.go:499.29,501.30 2 1
github.com/d5/tengo/compiler/parser/parser.go:501.30,504.4 2 1
github.com/d5/tengo/compiler/parser/parser.go:515.46,516.13 1 1
github.com/d5/tengo/compiler/parser/parser.go:520.2,520.17 1 1
github.com/d5/tengo/compiler/parser/parser.go:516.13,518.3 1 0
github.com/d5/tengo/compiler/parser/parser.go:524.68,527.11 3 1
github.com/d5/tengo/compiler/parser/parser.go:528.20,529.29 1 1
github.com/d5/tengo/compiler/parser/parser.go:530.16,531.25 1 1
github.com/d5/tengo/compiler/parser/parser.go:532.17,533.26 1 1
github.com/d5/tengo/compiler/parser/parser.go:534.35,535.36 1 0
github.com/d5/tengo/compiler/parser/parser.go:536.23,539.11 3 1
github.com/d5/tengo/compiler/parser/parser.go:540.20,542.58 1 0
github.com/d5/tengo/compiler/parser/parser.go:543.10,547.44 4 1
github.com/d5/tengo/compiler/parser/parser.go:551.42,552.13 1 1
github.com/d5/tengo/compiler/parser/parser.go:556.2,559.29 2 1
github.com/d5/tengo/compiler/parser/parser.go:569.2,573.32 4 1
github.com/d5/tengo/compiler/parser/parser.go:580.2,580.56 1 1
github.com/d5/tengo/compiler/parser/parser.go:589.2,590.32 2 1
github.com/d5/tengo/compiler/parser/parser.go:606.2,618.3 5 1
github.com/d5/tengo/compiler/parser/parser.go:552.13,554.3 1 0
github.com/d5/tengo/compiler/parser/parser.go:559.29,567.3 3 1
github.com/d5/tengo/compiler/parser/parser.go:573.32,575.3 1 1
github.com/d5/tengo/compiler/parser/parser.go:580.56,586.3 5 1
github.com/d5/tengo/compiler/parser/parser.go:590.32,592.33 2 1
github.com/d5/tengo/compiler/parser/parser.go:595.3,596.30 2 1
github.com/d5/tengo/compiler/parser/parser.go:592.33,594.4 1 1
github.com/d5/tengo/compiler/parser/parser.go:596.30,598.4 1 1
github.com/d5/tengo/compiler/parser/parser.go:599.8,603.3 2 1
github.com/d5/tengo/compiler/parser/parser.go:622.60,623.13 1 0
github.com/d5/tengo/compiler/parser/parser.go:627.2,630.28 3 0
github.com/d5/tengo/compiler/parser/parser.go:633.2,639.3 2 0
github.com/d5/tengo/compiler/parser/parser.go:623.13,625.3 1 0
github.com/d5/tengo/compiler/parser/parser.go:630.28,632.3 1 0
github.com/d5/tengo/compiler/parser/parser.go:642.41,643.13 1 1
github.com/d5/tengo/compiler/parser/parser.go:647.2,653.27 5 1
github.com/d5/tengo/compiler/parser/parser.go:670.2,676.3 1 1
github.com/d5/tengo/compiler/parser/parser.go:643.13,645.3 1 0
github.com/d5/tengo/compiler/parser/parser.go:653.27,656.18 2 1
github.com/d5/tengo/compiler/parser/parser.go:657.17,658.30 1 1
github.com/d5/tengo/compiler/parser/parser.go:659.21,661.18 2 1
github.com/d5/tengo/compiler/parser/parser.go:662.11,664.51 2 1
github.com/d5/tengo/compiler/parser/parser.go:666.8,668.3 1 1
github.com/d5/tengo/compiler/parser/parser.go:679.50,680.13 1 1
github.com/d5/tengo/compiler/parser/parser.go:684.2,692.3 4 1
github.com/d5/tengo/compiler/parser/parser.go:680.13,682.3 1 0
github.com/d5/tengo/compiler/parser/parser.go:695.65,696.29 1 1
github.com/d5/tengo/compiler/parser/parser.go:702.2,705.32 3 1
github.com/d5/tengo/compiler/parser/parser.go:710.2,713.29 3 1
github.com/d5/tengo/compiler/parser/parser.go:724.2,724.21 1 1
github.com/d5/tengo/compiler/parser/parser.go:728.2,728.17 1 1
github.com/d5/tengo/compiler/parser/parser.go:732.2,734.8 2 1
github.com/d5/tengo/compiler/parser/parser.go:696.29,700.3 3 1
github.com/d5/tengo/compiler/parser/parser.go:705.32,708.3 2 1
github.com/d5/tengo/compiler/parser/parser.go:713.29,716.3 2 1
github.com/d5/tengo/compiler/parser/parser.go:716.8,716.39 1 1
github.com/d5/tengo/compiler/parser/parser.go:716.39,720.3 2 1
github.com/d5/tengo/compiler/parser/parser.go:720.8,722.3 1 0
github.com/d5/tengo/compiler/parser/parser.go:724.21,726.3 1 1
github.com/d5/tengo/compiler/parser/parser.go:728.17,730.3 1 0
github.com/d5/tengo/compiler/parser/parser.go:737.61,738.14 1 1
github.com/d5/tengo/compiler/parser/parser.go:742.2,742.45 1 1
github.com/d5/tengo/compiler/parser/parser.go:746.2,747.44 2 0
github.com/d5/tengo/compiler/parser/parser.go:751.2,753.60 2 0
github.com/d5/tengo/compiler/parser/parser.go:738.14,740.3 1 1
github.com/d5/tengo/compiler/parser/parser.go:742.45,744.3 1 1
github.com/d5/tengo/compiler/parser/parser.go:747.44,749.3 1 0
github.com/d5/tengo/compiler/parser/parser.go:756.45,757.13 1 1
github.com/d5/tengo/compiler/parser/parser.go:761.2,765.59 4 1
github.com/d5/tengo/compiler/parser/parser.go:768.2,773.3 2 1
github.com/d5/tengo/compiler/parser/parser.go:757.13,759.3 1 0
github.com/d5/tengo/compiler/parser/parser.go:765.59,767.3 1 1
github.com/d5/tengo/compiler/parser/parser.go:776.55,777.13 1 1
github.com/d5/tengo/compiler/parser/parser.go:781.2,783.17 2 1
github.com/d5/tengo/compiler/parser/parser.go:835.2,835.16 1 1
github.com/d5/tengo/compiler/parser/parser.go:840.2,840.17 1 1
github.com/d5/tengo/compiler/parser/parser.go:863.2,863.34 1 1
github.com/d5/tengo/compiler/parser/parser.go:777.13,779.3 1 0
github.com/d5/tengo/compiler/parser/parser.go:784.34,795.4 4 1
github.com/d5/tengo/compiler/parser/parser.go:796.16,797.12 1 1
github.com/d5/tengo/compiler/parser/parser.go:797.12,805.18 5 1
github.com/d5/tengo/compiler/parser/parser.go:827.4,831.5 1 1
github.com/d5/tengo/compiler/parser/parser.go:806.11,810.12 3 1
github.com/d5/tengo/compiler/parser/parser.go:814.11,816.12 2 1
github.com/d5/tengo/compiler/parser/parser.go:820.5,821.12 2 1
github.com/d5/tengo/compiler/parser/parser.go:810.12,813.6 2 0
github.com/d5/tengo/compiler/parser/parser.go:816.12,819.6 2 0
github.com/d5/tengo/compiler/parser/parser.go:821.12,824.6 2 0
github.com/d5/tengo/compiler/parser/parser.go:835.16,838.3 1 0
github.com/d5/tengo/compiler/parser/parser.go:843.106,854.4 4 1
github.com/d5/tengo/compiler/parser/parser.go:855.28,859.11 3 1
github.com/d5/tengo/compiler/parser/parser.go:866.52,867.13 1 1
github.com/d5/tengo/compiler/parser/parser.go:871.2,872.29 2 1
github.com/d5/tengo/compiler/parser/parser.go:877.2,877.8 1 1
github.com/d5/tengo/compiler/parser/parser.go:867.13,869.3 1 0
github.com/d5/tengo/compiler/parser/parser.go:872.29,875.3 2 1
github.com/d5/tengo/compiler/parser/parser.go:880.58,881.13 1 1
github.com/d5/tengo/compiler/parser/parser.go:886.2,897.3 4 1
github.com/d5/tengo/compiler/parser/parser.go:881.13,883.3 1 0
github.com/d5/tengo/compiler/parser/parser.go:900.44,901.13 1 1
github.com/d5/tengo/compiler/parser/parser.go:905.2,909.54 4 1
github.com/d5/tengo/compiler/parser/parser.go:917.2,924.3 3 1
github.com/d5/tengo/compiler/parser/parser.go:901.13,903.3 1 0
github.com/d5/tengo/compiler/parser/parser.go:909.54,912.50 2 1
github.com/d5/tengo/compiler/parser/parser.go:912.50,913.9 1 1
github.com/d5/tengo/compiler/parser/parser.go:927.55,930.22 2 1
github.com/d5/tengo/compiler/parser/parser.go:933.2,935.12 2 1
github.com/d5/tengo/compiler/parser/parser.go:930.22,932.3 1 1
github.com/d5/tengo/compiler/parser/parser.go:938.31,939.17 1 1
github.com/d5/tengo/compiler/parser/parser.go:940.34,940.34 0 1
github.com/d5/tengo/compiler/parser/parser.go:942.19,945.14 2 0
github.com/d5/tengo/compiler/parser/parser.go:946.23,947.11 1 1
github.com/d5/tengo/compiler/parser/parser.go:948.10,950.23 2 1
github.com/d5/tengo/compiler/parser/parser.go:955.51,956.39 1 1
github.com/d5/tengo/compiler/parser/parser.go:956.39,957.18 1 1
github.com/d5/tengo/compiler/parser/parser.go:957.18,958.46 1 0
github.com/d5/tengo/compiler/parser/parser.go:963.4,963.25 1 0
github.com/d5/tengo/compiler/parser/parser.go:958.46,961.5 2 0
github.com/d5/tengo/compiler/parser/parser.go:963.25,967.5 3 0
github.com/d5/tengo/compiler/parser/parser.go:972.52,976.53 3 1
github.com/d5/tengo/compiler/parser/parser.go:981.2,981.12 1 1
github.com/d5/tengo/compiler/parser/parser.go:986.2,986.28 1 1
github.com/d5/tengo/compiler/parser/parser.go:976.53,979.3 1 1
github.com/d5/tengo/compiler/parser/parser.go:981.12,983.19 1 0
github.com/d5/tengo/compiler/parser/parser.go:989.60,991.18 2 1
github.com/d5/tengo/compiler/parser/parser.go:1003.2,1003.19 1 1
github.com/d5/tengo/compiler/parser/parser.go:991.18,993.10 1 1
github.com/d5/tengo/compiler/parser/parser.go:994.57,995.28 1 1
github.com/d5/tengo/compiler/parser/parser.go:996.28,997.34 1 1
github.com/d5/tengo/compiler/parser/parser.go:998.11,999.47 1 1
github.com/d5/tengo/compiler/parser/parser.go:1006.25,1007.32 1 1
github.com/d5/tengo/compiler/parser/parser.go:1019.2,1019.47 1 1
github.com/d5/tengo/compiler/parser/parser.go:1007.32,1009.10 2 0
github.com/d5/tengo/compiler/parser/parser.go:1010.28,1011.31 1 0
github.com/d5/tengo/compiler/parser/parser.go:1012.50,1013.31 1 0
github.com/d5/tengo/compiler/parser/parser.go:1014.11,1015.19 1 0
github.com/d5/tengo/compiler/parser/parser.go:1022.47,1032.12 5 0
github.com/d5/tengo/compiler/parser/parser.go:1036.2,1037.39 2 0
github.com/d5/tengo/compiler/parser/parser.go:1032.12,1035.3 2 0
github.com/d5/tengo/compiler/parser/parser.go:1040.53,1044.57 3 0
github.com/d5/tengo/compiler/parser/parser.go:1048.2,1048.12 1 0
github.com/d5/tengo/compiler/parser/parser.go:1044.57,1046.3 1 0
github.com/d5/tengo/compiler/parser/parser.go:1051.43,1056.2 3 0
github.com/d5/tengo/compiler/parser/parser.go:1058.20,1061.2 2 0
github.com/d5/tengo/compiler/scanner/scanner.go:40.95,41.29 1 1
github.com/d5/tengo/compiler/scanner/scanner.go:45.2,54.17 3 1
github.com/d5/tengo/compiler/scanner/scanner.go:58.2,58.10 1 1
github.com/d5/tengo/compiler/scanner/scanner.go:41.29,42.90 1 0
github.com/d5/tengo/compiler/scanner/scanner.go:54.17,56.3 1 0
github.com/d5/tengo/compiler/scanner/scanner.go:62.36,64.2 1 1
github.com/d5/tengo/compiler/scanner/scanner.go:67.76,75.21 4 1
github.com/d5/tengo/compiler/scanner/scanner.go:212.2,212.33 1 1
github.com/d5/tengo/compiler/scanner/scanner.go:216.2,216.8 1 1
github.com/d5/tengo/compiler/scanner/scanner.go:76.20,79.14 3 1
github.com/d5/tengo/compiler/scanner/scanner.go:83.30,85.37 2 1
github.com/d5/tengo/compiler/scanner/scanner.go:86.10,89.13 2 1
github.com/d5/tengo/compiler/scanner/scanner.go:80.105,81.21 1 1
github.com/d5/tengo/compiler/scanner/scanner.go:90.11,91.20 1 1
github.com/d5/tengo/compiler/scanner/scanner.go:95.4,95.19 1 1
github.com/d5/tengo/compiler/scanner/scanner.go:96.13,99.37 2 0
github.com/d5/tengo/compiler/scanner/scanner.go:100.12,103.28 3 0
github.com/d5/tengo/compiler/scanner/scanner.go:104.13,107.26 3 1
github.com/d5/tengo/compiler/scanner/scanner.go:108.12,111.31 3 1
github.com/d5/tengo/compiler/scanner/scanner.go:112.12,113.46 1 1
github.com/d5/tengo/compiler/scanner/scanner.go:114.12,115.34 1 1
github.com/d5/tengo/compiler/scanner/scanner.go:126.12,127.21 1 1
github.com/d5/tengo/compiler/scanner/scanner.go:128.12,130.17 2 1
github.com/d5/tengo/compiler/scanner/scanner.go:131.12,132.22 1 1
github.com/d5/tengo/compiler/scanner/scanner.go:133.12,135.22 2 1
github.com/d5/tengo/compiler/scanner/scanner.go:136.12,137.22 1 1
github.com/d5/tengo/compiler/scanner/scanner.go:138.12,140.22 2 1
github.com/d5/tengo/compiler/scanner/scanner.go:141.12,142.22 1 1
github.com/d5/tengo/compiler/scanner/scanner.go:143.12,145.22 2 1
github.com/d5/tengo/compiler/scanner/scanner.go:146.12,148.24 2 1
github.com/d5/tengo/compiler/scanner/scanner.go:151.12,153.24 2 1
github.com/d5/tengo/compiler/scanner/scanner.go:156.12,157.47 1 1
github.com/d5/tengo/compiler/scanner/scanner.go:158.12,159.34 1 1
github.com/d5/tengo/compiler/scanner/scanner.go:180.12,181.47 1 1
github.com/d5/tengo/compiler/scanner/scanner.go:182.12,183.47 1 1
github.com/d5/tengo/compiler/scanner/scanner.go:184.12,185.78 1 1
github.com/d5/tengo/compiler/scanner/scanner.go:186.12,187.84 1 1
github.com/d5/tengo/compiler/scanner/scanner.go:188.12,189.46 1 1
github.com/d5/tengo/compiler/scanner/scanner.go:190.12,191.46 1 1
github.com/d5/tengo/compiler/scanner/scanner.go:192.12,193.19 1 1
github.com/d5/tengo/compiler/scanner/scanner.go:199.12,200.61 1 1
github.com/d5/tengo/compiler/scanner/scanner.go:201.11,203.17 1 0
github.com/d5/tengo/compiler/scanner/scanner.go:206.4,208.24 3 0
github.com/d5/tengo/compiler/scanner/scanner.go:91.20,94.5 2 0
github.com/d5/tengo/compiler/scanner/scanner.go:115.34,118.5 2 1
github.com/d5/tengo/compiler/scanner/scanner.go:118.10,120.39 2 1
github.com/d5/tengo/compiler/scanner/scanner.go:120.39,124.6 3 1
github.com/d5/tengo/compiler/scanner/scanner.go:148.24,150.5 1 1
github.com/d5/tengo/compiler/scanner/scanner.go:153.24,155.5 1 1
github.com/d5/tengo/compiler/scanner/scanner.go:159.34,161.40 1 1
github.com/d5/tengo/compiler/scanner/scanner.go:169.5,170.33 2 1
github.com/d5/tengo/compiler/scanner/scanner.go:175.5,176.22 2 1
github.com/d5/tengo/compiler/scanner/scanner.go:161.40,168.6 5 0
github.com/d5/tengo/compiler/scanner/scanner.go:170.33,174.6 2 1
github.com/d5/tengo/compiler/scanner/scanner.go:177.10,179.5 1 1
github.com/d5/tengo/compiler/scanner/scanner.go:193.19,196.5 2 1
github.com/d5/tengo/compiler/scanner/scanner.go:196.10,198.5 1 1
github.com/d5/tengo/compiler/scanner/scanner.go:203.17,205.5 1 0
github.com/d5/tengo/compiler/scanner/scanner.go:212.33,214.3 1 0
github.com/d5/tengo/compiler/scanner/scanner.go:219.26,220.31 1 1
github.com/d5/tengo/compiler/scanner/scanner.go:220.31,222.19 2 1
github.com/d5/tengo/compiler/scanner/scanner.go:226.3,227.10 2 1
github.com/d5/tengo/compiler/scanner/scanner.go:239.3,240.11 2 1
github.com/d5/tengo/compiler/scanner/scanner.go:222.19,225.4 2 1
github.com/d5/tengo/compiler/scanner/scanner.go:228.15,229.46 1 0
github.com/d5/tengo/compiler/scanner/scanner.go:230.27,233.37 2 1
github.com/d5/tengo/compiler/scanner/scanner.go:233.37,235.5 1 0
github.com/d5/tengo/compiler/scanner/scanner.go:235.10,235.39 1 1
github.com/d5/tengo/compiler/scanner/scanner.go:235.39,237.5 1 0
github.com/d5/tengo/compiler/scanner/scanner.go:241.8,243.19 2 1
github.com/d5/tengo/compiler/scanner/scanner.go:247.3,247.12 1 1
github.com/d5/tengo/compiler/scanner/scanner.go:243.19,246.4 2 0
github.com/d5/tengo/compiler/scanner/scanner.go:251.31,252.31 1 1
github.com/d5/tengo/compiler/scanner/scanner.go:256.2,256.10 1 0
github.com/d5/tengo/compiler/scanner/scanner.go:252.31,254.3 1 1
github.com/d5/tengo/compiler/scanner/scanner.go:259.49,260.27 1 0
github.com/d5/tengo/compiler/scanner/scanner.go:264.2,264.16 1 0
github.com/d5/tengo/compiler/scanner/scanner.go:260.27,262.3 1 0
github.com/d5/tengo/compiler/scanner/scanner.go:267.40,272.17 3 1
github.com/d5/tengo/compiler/scanner/scanner.go:286.2,287.16 2 1
github.com/d5/tengo/compiler/scanner/scanner.go:299.2,301.1 2 0
github.com/d5/tengo/compiler/scanner/scanner.go:302.2,307.76 2 1
github.com/d5/tengo/compiler/scanner/scanner.go:312.2,312.15 1 1
github.com/d5/tengo/compiler/scanner/scanner.go:316.2,316.20 1 1
github.com/d5/tengo/compiler/scanner/scanner.go:272.17,276.33 2 1
github.com/d5/tengo/compiler/scanner/scanner.go:282.3,282.12 1 1
github.com/d5/tengo/compiler/scanner/scanner.go:276.33,277.20 1 1
github.com/d5/tengo/compiler/scanner/scanner.go:280.4,280.12 1 1
github.com/d5/tengo/compiler/scanner/scanner.go:277.20,279.5 1 1
github.com/d5/tengo/compiler/scanner/scanner.go:287.16,289.17 2 1
github.com/d5/tengo/compiler/scanner/scanner.go:292.3,293.31 2 1
github.com/d5/tengo/compiler/scanner/scanner.go:289.17,291.4 1 1
github.com/d5/tengo/compiler/scanner/scanner.go:293.31,295.13 2 1
github.com/d5/tengo/compiler/scanner/scanner.go:307.76,310.3 2 1
github.com/d5/tengo/compiler/scanner/scanner.go:312.15,314.3 1 1
github.com/d5/tengo/compiler/scanner/scanner.go:319.38,322.23 1 0
github.com/d5/tengo/compiler/scanner/scanner.go:331.2,331.33 1 0
github.com/d5/tengo/compiler/scanner/scanner.go:360.2,360.14 1 0
github.com/d5/tengo/compiler/scanner/scanner.go:322.23,328.3 4 0
github.com/d5/tengo/compiler/scanner/scanner.go:331.33,332.18 1 0
github.com/d5/tengo/compiler/scanner/scanner.go:337.3,338.17 2 0
github.com/d5/tengo/compiler/scanner/scanner.go:349.3,350.31 2 0
github.com/d5/tengo/compiler/scanner/scanner.go:353.3,353.18 1 0
github.com/d5/tengo/compiler/scanner/scanner.go:357.3,357.11 1 0
github.com/d5/tengo/compiler/scanner/scanner.go:332.18,335.4 1 0
github.com/d5/tengo/compiler/scanner/scanner.go:338.17,340.18 2 0
github.com/d5/tengo/compiler/scanner/scanner.go:343.4,344.32 2 0
github.com/d5/tengo/compiler/scanner/scanner.go:340.18,342.5 1 0
github.com/d5/tengo/compiler/scanner/scanner.go:344.32,346.10 2 0
github.com/d5/tengo/compiler/scanner/scanner.go:350.31,352.4 1 0
github.com/d5/tengo/compiler/scanner/scanner.go:353.18,356.4 1 0
github.com/d5/tengo/compiler/scanner/scanner.go:363.43,365.38 2 1
github.com/d5/tengo/compiler/scanner/scanner.go:369.2,369.37 1 1
github.com/d5/tengo/compiler/scanner/scanner.go:365.38,367.3 1 1
github.com/d5/tengo/compiler/scanner/scanner.go:372.42,373.28 1 1
github.com/d5/tengo/compiler/scanner/scanner.go:373.28,375.3 1 1
github.com/d5/tengo/compiler/scanner/scanner.go:378.83,383.15 3 1
github.com/d5/tengo/compiler/scanner/scanner.go:387.2,387.22 1 1
github.com/d5/tengo/compiler/scanner/scanner.go:394.2,394.17 1 1
github.com/d5/tengo/compiler/scanner/scanner.go:428.2,430.1 2 1
github.com/d5/tengo/compiler/scanner/scanner.go:431.2,431.17 1 1
github.com/d5/tengo/compiler/scanner/scanner.go:438.2,438.32 1 1
github.com/d5/tengo/compiler/scanner/scanner.go:451.2,451.8 1 1
github.com/d5/tengo/compiler/scanner/scanner.go:383.15,385.3 1 1
github.com/d5/tengo/compiler/scanner/scanner.go:387.22,391.16 4 1
github.com/d5/tengo/compiler/scanner/scanner.go:394.17,398.33 3 1
github.com/d5/tengo/compiler/scanner/scanner.go:424.3,424.9 1 1
github.com/d5/tengo/compiler/scanner/scanner.go:398.33,402.26 3 1
github.com/d5/tengo/compiler/scanner/scanner.go:402.26,405.5 1 0
github.com/d5/tengo/compiler/scanner/scanner.go:406.9,410.34 3 1
github.com/d5/tengo/compiler/scanner/scanner.go:415.4,415.64 1 1
github.com/d5/tengo/compiler/scanner/scanner.go:419.4,419.24 1 1
github.com/d5/tengo/compiler/scanner/scanner.go:410.34,414.5 2 0
github.com/d5/tengo/compiler/scanner/scanner.go:415.64,416.18 1 1
github.com/d5/tengo/compiler/scanner/scanner.go:419.24,421.5 1 0
github.com/d5/tengo/compiler/scanner/scanner.go:431.17,435.3 3 1
github.com/d5/tengo/compiler/scanner/scanner.go:454.47,459.14 4 1
github.com/d5/tengo/compiler/scanner/scanner.go:483.2,484.12 2 1
github.com/d5/tengo/compiler/scanner/scanner.go:499.2,499.42 1 1
github.com/d5/tengo/compiler/scanner/scanner.go:504.2,504.13 1 1
github.com/d5/tengo/compiler/scanner/scanner.go:460.54,462.14 2 0
github.com/d5/tengo/compiler/scanner/scanner.go:463.46,464.27 1 1
github.com/d5/tengo/compiler/scanner/scanner.go:465.11,467.28 2 1
github.com/d5/tengo/compiler/scanner/scanner.go:468.11,470.40 2 1
github.com/d5/tengo/compiler/scanner/scanner.go:471.11,473.40 2 1
github.com/d5/tengo/compiler/scanner/scanner.go:474.10,476.15 2 0
github.com/d5/tengo/compiler/scanner/scanner.go:479.3,480.15 2 0
github.com/d5/tengo/compiler/scanner/scanner.go:476.15,478.4 1 0
github.com/d5/tengo/compiler/scanner/scanner.go:484.12,486.16 2 1
github.com/d5/tengo/compiler/scanner/scanner.go:494.3,496.6 3 1
github.com/d5/tengo/compiler/scanner/scanner.go:486.16,488.16 2 0
github.com/d5/tengo/compiler/scanner/scanner.go:491.4,492.16 2 0
github.com/d5/tengo/compiler/scanner/scanner.go:488.16,490.5 1 0
github.com/d5/tengo/compiler/scanner/scanner.go:499.42,502.3 2 0
github.com/d5/tengo/compiler/scanner/scanner.go:507.37,512.6 4 1
github.com/d5/tengo/compiler/scanner/scanner.go:535.2,535.21 1 1
github.com/d5/tengo/compiler/scanner/scanner.go:539.2,539.37 1 1
github.com/d5/tengo/compiler/scanner/scanner.go:512.6,514.27 2 1
github.com/d5/tengo/compiler/scanner/scanner.go:522.3,523.17 2 1
github.com/d5/tengo/compiler/scanner/scanner.go:526.3,527.17 2 1
github.com/d5/tengo/compiler/scanner/scanner.go:514.27,516.13 1 0
github.com/d5/tengo/compiler/scanner/scanner.go:520.4,520.9 1 0
github.com/d5/tengo/compiler/scanner/scanner.go:516.13,519.5 2 0
github.com/d5/tengo/compiler/scanner/scanner.go:523.17,524.9 1 1
github.com/d5/tengo/compiler/scanner/scanner.go:527.17,528.27 1 1
github.com/d5/tengo/compiler/scanner/scanner.go:528.27,530.5 1 0
github.com/d5/tengo/compiler/scanner/scanner.go:535.21,537.3 1 0
github.com/d5/tengo/compiler/scanner/scanner.go:542.39,545.6 2 0
github.com/d5/tengo/compiler/scanner/scanner.go:560.2,560.37 1 0
github.com/d5/tengo/compiler/scanner/scanner.go:545.6,547.27 2 0
github.com/d5/tengo/compiler/scanner/scanner.go:551.3,552.16 2 0
github.com/d5/tengo/compiler/scanner/scanner.go:555.3,555.17 1 0
github.com/d5/tengo/compiler/scanner/scanner.go:547.27,549.9 2 0
github.com/d5/tengo/compiler/scanner/scanner.go:552.16,553.9 1 0
github.com/d5/tengo/compiler/scanner/scanner.go:555.17,557.4 1 0
github.com/d5/tengo/compiler/scanner/scanner.go:563.42,567.6 3 1
github.com/d5/tengo/compiler/scanner/scanner.go:585.2,586.11 2 1
github.com/d5/tengo/compiler/scanner/scanner.go:590.2,590.20 1 1
github.com/d5/tengo/compiler/scanner/scanner.go:567.6,569.13 2 1
github.com/d5/tengo/compiler/scanner/scanner.go:574.3,576.16 2 1
github.com/d5/tengo/compiler/scanner/scanner.go:580.3,580.17 1 1
github.com/d5/tengo/compiler/scanner/scanner.go:569.13,571.9 2 0
github.com/d5/tengo/compiler/scanner/scanner.go:576.16,577.9 1 1
github.com/d5/tengo/compiler/scanner/scanner.go:580.17,582.4 1 1
github.com/d5/tengo/compiler/scanner/scanner.go:586.11,588.3 1 1
github.com/d5/tengo/compiler/scanner/scanner.go:594.45,598.23 3 1
github.com/d5/tengo/compiler/scanner/scanner.go:608.2,608.14 1 1
github.com/d5/tengo/compiler/scanner/scanner.go:598.23,602.95 1 1
github.com/d5/tengo/compiler/scanner/scanner.go:602.95,605.4 2 1
github.com/d5/tengo/compiler/scanner/scanner.go:611.36,612.83 1 1
github.com/d5/tengo/compiler/scanner/scanner.go:612.83,614.3 1 1
github.com/d5/tengo/compiler/scanner/scanner.go:617.63,618.17 1 1
github.com/d5/tengo/compiler/scanner/scanner.go:623.2,623.13 1 1
github.com/d5/tengo/compiler/scanner/scanner.go:618.17,621.3 2 1
github.com/d5/tengo/compiler/scanner/scanner.go:626.91,627.17 1 1
github.com/d5/tengo/compiler/scanner/scanner.go:632.2,632.17 1 1
github.com/d5/tengo/compiler/scanner/scanner.go:637.2,637.13 1 1
github.com/d5/tengo/compiler/scanner/scanner.go:627.17,630.3 2 1
github.com/d5/tengo/compiler/scanner/scanner.go:632.17,635.3 2 1
github.com/d5/tengo/compiler/scanner/scanner.go:640.97,641.17 1 1
github.com/d5/tengo/compiler/scanner/scanner.go:646.2,646.17 1 1
github.com/d5/tengo/compiler/scanner/scanner.go:656.2,656.13 1 1
github.com/d5/tengo/compiler/scanner/scanner.go:641.17,644.3 2 1
github.com/d5/tengo/compiler/scanner/scanner.go:646.17,648.18 2 1
github.com/d5/tengo/compiler/scanner/scanner.go:653.3,653.14 1 1
github.com/d5/tengo/compiler/scanner/scanner.go:648.18,651.4 2 1
github.com/d5/tengo/compiler/scanner/scanner.go:659.29,661.2 1 1
github.com/d5/tengo/compiler/scanner/scanner.go:663.28,665.2 1 1
github.com/d5/tengo/compiler/scanner/scanner.go:667.28,668.9 1 1
github.com/d5/tengo/compiler/scanner/scanner.go:677.2,677.11 1 1
github.com/d5/tengo/compiler/scanner/scanner.go:669.30,670.23 1 1
github.com/d5/tengo/compiler/scanner/scanner.go:671.30,672.28 1 1
github.com/d5/tengo/compiler/scanner/scanner.go:673.30,674.28 1 1
github.com/d5/tengo/compiler/compiler.go:26.71,31.24 2 1
github.com/d5/tengo/compiler/compiler.go:35.2,35.40 1 1
github.com/d5/tengo/compiler/compiler.go:39.2,45.3 1 1
github.com/d5/tengo/compiler/compiler.go:31.24,33.3 1 0
github.com/d5/tengo/compiler/compiler.go:35.40,37.3 1 1
github.com/d5/tengo/compiler/compiler.go:49.49,50.20 1 1
github.com/d5/tengo/compiler/compiler.go:58.2,58.29 1 1
github.com/d5/tengo/compiler/compiler.go:413.2,413.12 1 1
github.com/d5/tengo/compiler/compiler.go:50.20,51.18 1 1
github.com/d5/tengo/compiler/compiler.go:51.18,53.4 1 1
github.com/d5/tengo/compiler/compiler.go:53.9,55.4 1 0
github.com/d5/tengo/compiler/compiler.go:59.17,60.35 1 1
github.com/d5/tengo/compiler/compiler.go:65.21,66.46 1 1
github.com/d5/tengo/compiler/compiler.go:69.3,69.16 1 1
github.com/d5/tengo/compiler/compiler.go:70.23,72.30 2 1
github.com/d5/tengo/compiler/compiler.go:76.3,76.87 1 1
github.com/d5/tengo/compiler/compiler.go:77.22,78.46 1 1
github.com/d5/tengo/compiler/compiler.go:81.23,82.58 1 1
github.com/d5/tengo/compiler/compiler.go:86.3,86.31 1 1
github.com/d5/tengo/compiler/compiler.go:111.3,111.45 1 1
github.com/d5/tengo/compiler/compiler.go:114.3,114.45 1 1
github.com/d5/tengo/compiler/compiler.go:118.3,118.21 1 1
github.com/d5/tengo/compiler/compiler.go:152.19,153.69 1 1
github.com/d5/tengo/compiler/compiler.go:154.21,155.71 1 0
github.com/d5/tengo/compiler/compiler.go:156.20,157.17 1 1
github.com/d5/tengo/compiler/compiler.go:162.22,163.72 1 1
github.com/d5/tengo/compiler/compiler.go:164.20,165.70 1 0
github.com/d5/tengo/compiler/compiler.go:166.25,167.17 1 0
github.com/d5/tengo/compiler/compiler.go:168.22,169.46 1 1
github.com/d5/tengo/compiler/compiler.go:173.3,173.21 1 1
github.com/d5/tengo/compiler/compiler.go:185.19,188.16 2 1
github.com/d5/tengo/compiler/compiler.go:192.3,192.23 1 1
github.com/d5/tengo/compiler/compiler.go:198.3,198.46 1 1
github.com/d5/tengo/compiler/compiler.go:203.3,205.46 2 1
github.com/d5/tengo/compiler/compiler.go:209.3,209.23 1 1
github.com/d5/tengo/compiler/compiler.go:230.20,231.32 1 1
github.com/d5/tengo/compiler/compiler.go:232.22,233.34 1 0
github.com/d5/tengo/compiler/compiler.go:234.23,235.32 1 0
github.com/d5/tengo/compiler/compiler.go:252.22,253.35 1 1
github.com/d5/tengo/compiler/compiler.go:258.23,260.73 1 1
github.com/d5/tengo/compiler/compiler.go:263.18,265.10 2 1
github.com/d5/tengo/compiler/compiler.go:269.3,269.23 1 1
github.com/d5/tengo/compiler/compiler.go:279.21,280.38 1 1
github.com/d5/tengo/compiler/compiler.go:286.3,286.38 1 1
github.com/d5/tengo/compiler/compiler.go:287.19,288.37 1 1
github.com/d5/tengo/compiler/compiler.go:298.3,298.38 1 1
github.com/d5/tengo/compiler/compiler.go:299.25,300.46 1 0
github.com/d5/tengo/compiler/compiler.go:304.3,304.45 1 0
github.com/d5/tengo/compiler/compiler.go:308.3,308.18 1 0
github.com/d5/tengo/compiler/compiler.go:309.22,310.46 1 1
github.com/d5/tengo/compiler/compiler.go:314.3,314.47 1 1
github.com/d5/tengo/compiler/compiler.go:318.3,318.18 1 1
github.com/d5/tengo/compiler/compiler.go:319.22,320.46 1 1
github.com/d5/tengo/compiler/compiler.go:324.3,324.22 1 1
github.com/d5/tengo/compiler/compiler.go:332.3,332.23 1 1
github.com/d5/tengo/compiler/compiler.go:340.3,340.23 1 1
github.com/d5/tengo/compiler/compiler.go:341.20,344.43 2 1
github.com/d5/tengo/compiler/compiler.go:348.3,348.46 1 1
github.com/d5/tengo/compiler/compiler.go:353.3,353.76 1 1
github.com/d5/tengo/compiler/compiler.go:357.3,361.33 4 1
github.com/d5/tengo/compiler/compiler.go:370.3,376.27 2 1
github.com/d5/tengo/compiler/compiler.go:381.23,382.40 1 1
github.com/d5/tengo/compiler/compiler.go:387.3,387.28 1 1
github.com/d5/tengo/compiler/compiler.go:399.21,400.46 1 1
github.com/d5/tengo/compiler/compiler.go:404.3,404.33 1 1
github.com/d5/tengo/compiler/compiler.go:410.3,410.33 1 1
github.com/d5/tengo/compiler/compiler.go:60.35,61.42 1 1
github.com/d5/tengo/compiler/compiler.go:61.42,63.5 1 0
github.com/d5/tengo/compiler/compiler.go:66.46,68.4 1 0
github.com/d5/tengo/compiler/compiler.go:72.30,74.4 1 0
github.com/d5/tengo/compiler/compiler.go:78.46,80.4 1 0
github.com/d5/tengo/compiler/compiler.go:82.58,84.4 1 1
github.com/d5/tengo/compiler/compiler.go:86.31,87.46 1 1
github.com/d5/tengo/compiler/compiler.go:91.4,91.46 1 1
github.com/d5/tengo/compiler/compiler.go:95.4,97.14 2 1
github.com/d5/tengo/compiler/compiler.go:87.46,89.5 1 0
github.com/d5/tengo/compiler/compiler.go:91.46,93.5 1 0
github.com/d5/tengo/compiler/compiler.go:98.9,98.40 1 1
github.com/d5/tengo/compiler/compiler.go:98.40,99.46 1 0
github.com/d5/tengo/compiler/compiler.go:102.4,102.46 1 0
github.com/d5/tengo/compiler/compiler.go:106.4,108.14 2 0
github.com/d5/tengo/compiler/compiler.go:99.46,101.5 1 0
github.com/d5/tengo/compiler/compiler.go:102.46,104.5 1 0
github.com/d5/tengo/compiler/compiler.go:111.45,113.4 1 0
github.com/d5/tengo/compiler/compiler.go:114.45,116.4 1 0
github.com/d5/tengo/compiler/compiler.go:119.18,120.17 1 1
github.com/d5/tengo/compiler/compiler.go:121.18,122.17 1 1
github.com/d5/tengo/compiler/compiler.go:123.18,124.17 1 1
github.com/d5/tengo/compiler/compiler.go:125.18,126.17 1 1
github.com/d5/tengo/compiler/compiler.go:127.18,128.17 1 0
github.com/d5/tengo/compiler/compiler.go:129.22,130.25 1 1
github.com/d5/tengo/compiler/compiler.go:131.24,132.30 1 0
github.com/d5/tengo/compiler/compiler.go:133.20,134.19 1 1
github.com/d5/tengo/compiler/compiler.go:135.23,136.22 1 1
github.com/d5/tengo/compiler/compiler.go:137.18,138.18 1 0
github.com/d5/tengo/compiler/compiler.go:139.17,140.17 1 0
github.com/d5/tengo/compiler/compiler.go:141.18,142.18 1 0
github.com/d5/tengo/compiler/compiler.go:143.21,144.21 1 0
github.com/d5/tengo/compiler/compiler.go:145.18,146.24 1 0
github.com/d5/tengo/compiler/compiler.go:147.18,148.25 1 0
github.com/d5/tengo/compiler/compiler.go:149.11,150.66 1 0
github.com/d5/tengo/compiler/compiler.go:157.17,159.4 1 1
github.com/d5/tengo/compiler/compiler.go:159.9,161.4 1 1
github.com/d5/tengo/compiler/compiler.go:169.46,171.4 1 0
github.com/d5/tengo/compiler/compiler.go:174.18,175.18 1 1
github.com/d5/tengo/compiler/compiler.go:176.18,177.19 1 1
github.com/d5/tengo/compiler/compiler.go:178.18,179.25 1 0
github.com/d5/tengo/compiler/compiler.go:180.18,180.18 0 0
github.com/d5/tengo/compiler/compiler.go:182.11,183.66 1 0
github.com/d5/tengo/compiler/compiler.go:188.16,190.4 1 1
github.com/d5/tengo/compiler/compiler.go:192.23,193.47 1 0
github.com/d5/tengo/compiler/compiler.go:193.47,195.5 1 0
github.com/d5/tengo/compiler/compiler.go:198.46,200.4 1 0
github.com/d5/tengo/compiler/compiler.go:205.46,207.4 1 0
github.com/d5/tengo/compiler/compiler.go:209.23,217.47 4 1
github.com/d5/tengo/compiler/compiler.go:222.4,223.37 2 1
github.com/d5/tengo/compiler/compiler.go:217.47,219.5 1 0
github.com/d5/tengo/compiler/compiler.go:224.9,228.4 2 1
github.com/d5/tengo/compiler/compiler.go:235.32,237.22 2 0
github.com/d5/tengo/compiler/compiler.go:240.4,241.48 2 0
github.com/d5/tengo/compiler/compiler.go:237.22,239.5 1 0
github.com/d5/tengo/compiler/compiler.go:242.9,242.42 1 0
github.com/d5/tengo/compiler/compiler.go:242.42,244.22 2 0
github.com/d5/tengo/compiler/compiler.go:247.4,248.54 2 0
github.com/d5/tengo/compiler/compiler.go:244.22,246.5 1 0
github.com/d5/tengo/compiler/compiler.go:249.9,251.4 1 0
github.com/d5/tengo/compiler/compiler.go:253.35,254.42 1 1
github.com/d5/tengo/compiler/compiler.go:254.42,256.5 1 0
github.com/d5/tengo/compiler/compiler.go:260.73,262.4 1 0
github.com/d5/tengo/compiler/compiler.go:265.10,267.4 1 0
github.com/d5/tengo/compiler/compiler.go:270.20,271.37 1 1
github.com/d5/tengo/compiler/compiler.go:272.19,273.36 1 1
github.com/d5/tengo/compiler/compiler.go:274.21,275.38 1 1
github.com/d5/tengo/compiler/compiler.go:276.18,277.35 1 1
github.com/d5/tengo/compiler/compiler.go:280.38,281.42 1 1
github.com/d5/tengo/compiler/compiler.go:281.42,283.5 1 0
github.com/d5/tengo/compiler/compiler.go:288.37,293.47 2 1
github.com/d5/tengo/compiler/compiler.go:293.47,295.5 1 0
github.com/d5/tengo/compiler/compiler.go:300.46,302.4 1 0
github.com/d5/tengo/compiler/compiler.go:304.45,306.4 1 0
github.com/d5/tengo/compiler/compiler.go:310.46,312.4 1 0
github.com/d5/tengo/compiler/compiler.go:314.47,316.4 1 0
github.com/d5/tengo/compiler/compiler.go:320.46,322.4 1 0
github.com/d5/tengo/compiler/compiler.go:324.22,325.46 1 1
github.com/d5/tengo/compiler/compiler.go:325.46,327.5 1 0
github.com/d5/tengo/compiler/compiler.go:328.9,330.4 1 1
github.com/d5/tengo/compiler/compiler.go:332.23,333.47 1 1
github.com/d5/tengo/compiler/compiler.go:333.47,335.5 1 0
github.com/d5/tengo/compiler/compiler.go:336.9,338.4 1 1
github.com/d5/tengo/compiler/compiler.go:344.43,346.4 1 1
github.com/d5/tengo/compiler/compiler.go:348.46,350.4 1 0
github.com/d5/tengo/compiler/compiler.go:353.76,355.4 1 1
github.com/d5/tengo/compiler/compiler.go:361.33,362.19 1 1
github.com/d5/tengo/compiler/compiler.go:363.20,364.32 1 1
github.com/d5/tengo/compiler/compiler.go:365.19,366.31 1 1
github.com/d5/tengo/compiler/compiler.go:376.27,378.4 1 1
github.com/d5/tengo/compiler/compiler.go:378.9,380.4 1 1
github.com/d5/tengo/compiler/compiler.go:382.40,385.4 1 0
github.com/d5/tengo/compiler/compiler.go:388.10,389.20 1 0
github.com/d5/tengo/compiler/compiler.go:390.10,391.53 1 1
github.com/d5/tengo/compiler/compiler.go:395.4,395.28 1 1
github.com/d5/tengo/compiler/compiler.go:396.11,397.59 1 0
github.com/d5/tengo/compiler/compiler.go:391.53,393.5 1 0
github.com/d5/tengo/compiler/compiler.go:400.46,402.4 1 0
github.com/d5/tengo/compiler/compiler.go:404.33,405.41 1 1
github.com/d5/tengo/compiler/compiler.go:405.41,407.5 1 0
github.com/d5/tengo/compiler/compiler.go:417.41,422.2 1 1
github.com/d5/tengo/compiler/compiler.go:424.54,427.20 2 1
github.com/d5/tengo/compiler/compiler.go:431.2,431.29 1 1
github.com/d5/tengo/compiler/compiler.go:427.20,429.3 1 1
github.com/d5/tengo/compiler/compiler.go:434.49,440.2 3 1
github.com/d5/tengo/compiler/compiler.go:442.59,447.2 3 1
github.com/d5/tengo/compiler/compiler.go:449.54,450.39 1 1
github.com/d5/tengo/compiler/compiler.go:454.2,454.64 1 1
github.com/d5/tengo/compiler/compiler.go:450.39,452.3 1 1
github.com/d5/tengo/compiler/compiler.go:457.44,460.20 2 0
github.com/d5/tengo/compiler/compiler.go:465.2,466.89 2 0
github.com/d5/tengo/compiler/compiler.go:460.20,463.3 1 0
github.com/d5/tengo/compiler/compiler.go:469.61,472.20 2 1
github.com/d5/tengo/compiler/compiler.go:472.20,475.3 1 1
github.com/d5/tengo/compiler/compiler.go:478.61,483.2 3 1
github.com/d5/tengo/compiler/compiler.go:485.61,490.20 4 1
github.com/d5/tengo/compiler/compiler.go:495.2,495.12 1 1
github.com/d5/tengo/compiler/compiler.go:490.20,493.3 1 1
github.com/d5/tengo/compiler/compiler.go:498.49,505.12 3 1
github.com/d5/tengo/compiler/compiler.go:509.2,510.36 2 1
github.com/d5/tengo/compiler/compiler.go:505.12,508.3 2 0
github.com/d5/tengo/compiler/compiler.go:513.47,518.2 3 1
github.com/d5/tengo/compiler/compiler.go:520.22,523.2 2 1
github.com/d5/tengo/compiler/compiler_for.go:7.60,9.15 2 1
github.com/d5/tengo/compiler/compiler_for.go:14.2,14.22 1 1
github.com/d5/tengo/compiler/compiler_for.go:21.2,24.45 2 1
github.com/d5/tengo/compiler/compiler_for.go:28.2,34.45 3 1
github.com/d5/tengo/compiler/compiler_for.go:39.2,45.22 3 1
github.com/d5/tengo/compiler/compiler_for.go:52.2,59.34 4 1
github.com/d5/tengo/compiler/compiler_for.go:62.2,62.37 1 1
github.com/d5/tengo/compiler/compiler_for.go:66.2,66.12 1 1
github.com/d5/tengo/compiler/compiler_for.go:9.15,11.3 1 1
github.com/d5/tengo/compiler/compiler_for.go:14.22,15.46 1 1
github.com/d5/tengo/compiler/compiler_for.go:15.46,17.4 1 0
github.com/d5/tengo/compiler/compiler_for.go:24.45,26.3 1 0
github.com/d5/tengo/compiler/compiler_for.go:34.45,37.3 2 0
github.com/d5/tengo/compiler/compiler_for.go:45.22,46.46 1 1
github.com/d5/tengo/compiler/compiler_for.go:46.46,48.4 1 0
github.com/d5/tengo/compiler/compiler_for.go:59.34,61.3 1 0
github.com/d5/tengo/compiler/compiler_for.go:62.37,64.3 1 0
github.com/d5/tengo/compiler/compiler_for.go:69.64,71.15 2 0
github.com/d5/tengo/compiler/compiler_for.go:88.2,89.49 2 0
github.com/d5/tengo/compiler/compiler_for.go:92.2,93.35 2 0
github.com/d5/tengo/compiler/compiler_for.go:100.2,104.35 2 0
github.com/d5/tengo/compiler/compiler_for.go:109.2,118.26 4 0
github.com/d5/tengo/compiler/compiler_for.go:134.2,134.28 1 0
github.com/d5/tengo/compiler/compiler_for.go:150.2,150.45 1 0
github.com/d5/tengo/compiler/compiler_for.go:155.2,168.34 6 0
github.com/d5/tengo/compiler/compiler_for.go:171.2,171.37 1 0
github.com/d5/tengo/compiler/compiler_for.go:175.2,175.12 1 0
github.com/d5/tengo/compiler/compiler_for.go:71.15,73.3 1 0
github.com/d5/tengo/compiler/compiler_for.go:89.49,91.3 1 0
github.com/d5/tengo/compiler/compiler_for.go:93.35,95.3 1 0
github.com/d5/tengo/compiler/compiler_for.go:95.8,97.3 1 0
github.com/d5/tengo/compiler/compiler_for.go:104.35,106.3 1 0
github.com/d5/tengo/compiler/compiler_for.go:106.8,108.3 1 0
github.com/d5/tengo/compiler/compiler_for.go:118.26,120.36 2 0
github.com/d5/tengo/compiler/compiler_for.go:125.3,126.37 2 0
github.com/d5/tengo/compiler/compiler_for.go:120.36,122.4 1 0
github.com/d5/tengo/compiler/compiler_for.go:122.9,124.4 1 0
github.com/d5/tengo/compiler/compiler_for.go:126.37,128.4 1 0
github.com/d5/tengo/compiler/compiler_for.go:128.9,130.4 1 0
github.com/d5/tengo/compiler/compiler_for.go:134.28,136.36 2 0
github.com/d5/tengo/compiler/compiler_for.go:141.3,142.39 2 0
github.com/d5/tengo/compiler/compiler_for.go:136.36,138.4 1 0
github.com/d5/tengo/compiler/compiler_for.go:138.9,140.4 1 0
github.com/d5/tengo/compiler/compiler_for.go:142.39,144.4 1 0
github.com/d5/tengo/compiler/compiler_for.go:144.9,146.4 1 0
github.com/d5/tengo/compiler/compiler_for.go:150.45,153.3 2 0
github.com/d5/tengo/compiler/compiler_for.go:168.34,170.3 1 0
github.com/d5/tengo/compiler/compiler_for.go:171.37,173.3 1 0
github.com/d5/tengo/compiler/instructions.go:8.61,10.9 2 1
github.com/d5/tengo/compiler/instructions.go:14.2,15.33 2 1
github.com/d5/tengo/compiler/instructions.go:19.2,23.29 4 1
github.com/d5/tengo/compiler/instructions.go:36.2,36.20 1 1
github.com/d5/tengo/compiler/instructions.go:10.9,12.3 1 0
github.com/d5/tengo/compiler/instructions.go:15.33,17.3 1 1
github.com/d5/tengo/compiler/instructions.go:23.29,25.16 2 1
github.com/d5/tengo/compiler/instructions.go:33.3,33.18 1 1
github.com/d5/tengo/compiler/instructions.go:26.10,27.33 1 1
github.com/d5/tengo/compiler/instructions.go:28.10,31.35 3 1
github.com/d5/tengo/compiler/instructions.go:41.59,45.17 3 1
github.com/d5/tengo/compiler/instructions.go:66.2,66.12 1 1
github.com/d5/tengo/compiler/instructions.go:45.17,47.10 2 1
github.com/d5/tengo/compiler/instructions.go:52.3,54.28 2 1
github.com/d5/tengo/compiler/instructions.go:63.3,63.16 1 1
github.com/d5/tengo/compiler/instructions.go:47.10,49.12 2 0
github.com/d5/tengo/compiler/instructions.go:55.10,56.70 1 1
github.com/d5/tengo/compiler/instructions.go:57.10,58.88 1 1
github.com/d5/tengo/compiler/instructions.go:59.10,60.106 1 1
github.com/d5/tengo/compiler/compiler_scopes.go:3.49,5.2 1 1
github.com/d5/tengo/compiler/compiler_scopes.go:7.33,17.20 5 1
github.com/d5/tengo/compiler/compiler_scopes.go:17.20,19.3 1 1
github.com/d5/tengo/compiler/compiler_scopes.go:22.40,30.20 5 1
github.com/d5/tengo/compiler/compiler_scopes.go:34.2,34.21 1 1
github.com/d5/tengo/compiler/compiler_scopes.go:30.20,32.3 1 1
github.com/d5/tengo/compiler/definitions.go:64.55,68.2 2 1
github.com/d5/tengo/compiler/symbol_table.go:14.36,18.2 1 1
github.com/d5/tengo/compiler/symbol_table.go:21.50,25.27 3 1
github.com/d5/tengo/compiler/symbol_table.go:31.2,35.15 3 1
github.com/d5/tengo/compiler/symbol_table.go:25.27,27.3 1 1
github.com/d5/tengo/compiler/symbol_table.go:27.8,29.3 1 1
github.com/d5/tengo/compiler/symbol_table.go:39.68,49.2 3 1
github.com/d5/tengo/compiler/symbol_table.go:52.80,54.28 2 1
github.com/d5/tengo/compiler/symbol_table.go:73.2,73.8 1 1
github.com/d5/tengo/compiler/symbol_table.go:54.28,56.10 2 1
github.com/d5/tengo/compiler/symbol_table.go:60.3,60.15 1 1
github.com/d5/tengo/compiler/symbol_table.go:66.3,66.79 1 1
github.com/d5/tengo/compiler/symbol_table.go:70.3,70.9 1 1
github.com/d5/tengo/compiler/symbol_table.go:56.10,58.4 1 1
github.com/d5/tengo/compiler/symbol_table.go:60.15,62.4 1 1
github.com/d5/tengo/compiler/symbol_table.go:66.79,68.4 1 1
github.com/d5/tengo/compiler/symbol_table.go:77.53,83.2 1 1
github.com/d5/tengo/compiler/symbol_table.go:86.59,87.26 1 1
github.com/d5/tengo/compiler/symbol_table.go:91.2,91.17 1 1
github.com/d5/tengo/compiler/symbol_table.go:87.26,89.3 1 1
github.com/d5/tengo/compiler/symbol_table.go:95.40,97.2 1 1
github.com/d5/tengo/compiler/symbol_table.go:100.46,102.2 1 1
github.com/d5/tengo/compiler/symbol_table.go:105.40,107.28 2 0
github.com/d5/tengo/compiler/symbol_table.go:110.2,110.14 1 0
github.com/d5/tengo/compiler/symbol_table.go:107.28,109.3 1 0
github.com/d5/tengo/compiler/symbol_table.go:113.39,114.13 1 1
github.com/d5/tengo/compiler/symbol_table.go:118.2,118.24 1 1
github.com/d5/tengo/compiler/symbol_table.go:114.13,116.3 1 1
github.com/d5/tengo/compiler/symbol_table.go:121.50,122.31 1 1
github.com/d5/tengo/compiler/symbol_table.go:126.2,126.13 1 1
github.com/d5/tengo/compiler/symbol_table.go:122.31,124.3 1 1
github.com/d5/tengo/compiler/symbol_table.go:126.13,128.3 1 1
github.com/d5/tengo/compiler/symbol_table.go:131.58,145.2 4 1
github.com/d5/tengo/compiler/compiler_assign.go:11.77,13.21 2 1
github.com/d5/tengo/compiler/compiler_assign.go:17.2,17.16 1 1
github.com/d5/tengo/compiler/compiler_assign.go:26.2,27.16 2 1
github.com/d5/tengo/compiler/compiler_assign.go:31.2,33.38 2 1
github.com/d5/tengo/compiler/compiler_assign.go:38.2,39.24 2 1
github.com/d5/tengo/compiler/compiler_assign.go:52.2,52.46 1 1
github.com/d5/tengo/compiler/compiler_assign.go:59.2,59.27 1 1
github.com/d5/tengo/compiler/compiler_assign.go:65.2,65.12 1 1
github.com/d5/tengo/compiler/compiler_assign.go:91.2,91.35 1 1
github.com/d5/tengo/compiler/compiler_assign.go:97.2,97.22 1 1
github.com/d5/tengo/compiler/compiler_assign.go:124.2,124.12 1 1
github.com/d5/tengo/compiler/compiler_assign.go:13.21,16.3 1 0
github.com/d5/tengo/compiler/compiler_assign.go:17.16,20.3 1 0
github.com/d5/tengo/compiler/compiler_assign.go:27.16,29.3 1 0
github.com/d5/tengo/compiler/compiler_assign.go:33.38,36.3 1 0
github.com/d5/tengo/compiler/compiler_assign.go:39.24,40.27 1 1
github.com/d5/tengo/compiler/compiler_assign.go:44.3,44.39 1 1
github.com/d5/tengo/compiler/compiler_assign.go:40.27,42.4 1 0
github.com/d5/tengo/compiler/compiler_assign.go:45.8,46.14 1 1
github.com/d5/tengo/compiler/compiler_assign.go:46.14,48.4 1 0
github.com/d5/tengo/compiler/compiler_assign.go:52.46,53.43 1 1
github.com/d5/tengo/compiler/compiler_assign.go:53.43,55.4 1 0
github.com/d5/tengo/compiler/compiler_assign.go:59.27,60.41 1 1
github.com/d5/tengo/compiler/compiler_assign.go:60.41,62.4 1 0
github.com/d5/tengo/compiler/compiler_assign.go:66.23,67.16 1 1
github.com/d5/tengo/compiler/compiler_assign.go:68.23,69.16 1 0
github.com/d5/tengo/compiler/compiler_assign.go:70.23,71.16 1 0
github.com/d5/tengo/compiler/compiler_assign.go:72.23,73.16 1 1
github.com/d5/tengo/compiler/compiler_assign.go:74.23,75.16 1 0
github.com/d5/tengo/compiler/compiler_assign.go:76.23,77.17 1 0
github.com/d5/tengo/compiler/compiler_assign.go:78.22,79.16 1 0
github.com/d5/tengo/compiler/compiler_assign.go:80.26,81.20 1 0
github.com/d5/tengo/compiler/compiler_assign.go:82.23,83.17 1 0
github.com/d5/tengo/compiler/compiler_assign.go:84.23,85.23 1 0
github.com/d5/tengo/compiler/compiler_assign.go:86.23,87.24 1 0
github.com/d5/tengo/compiler/compiler_assign.go:91.35,92.49 1 0
github.com/d5/tengo/compiler/compiler_assign.go:92.49,94.4 1 0
github.com/d5/tengo/compiler/compiler_assign.go:98.19,99.17 1 1
github.com/d5/tengo/compiler/compiler_assign.go:104.18,105.17 1 1
github.com/d5/tengo/compiler/compiler_assign.go:114.17,115.17 1 0
github.com/d5/tengo/compiler/compiler_assign.go:120.10,121.75 1 0
github.com/d5/tengo/compiler/compiler_assign.go:99.17,101.4 1 0
github.com/d5/tengo/compiler/compiler_assign.go:101.9,103.4 1 1
github.com/d5/tengo/compiler/compiler_assign.go:105.17,107.4 1 0
github.com/d5/tengo/compiler/compiler_assign.go:107.9,108.26 1 1
github.com/d5/tengo/compiler/compiler_assign.go:108.26,110.5 1 1
github.com/d5/tengo/compiler/compiler_assign.go:110.10,112.5 1 1
github.com/d5/tengo/compiler/compiler_assign.go:115.17,117.4 1 0
github.com/d5/tengo/compiler/compiler_assign.go:117.9,119.4 1 0
github.com/d5/tengo/compiler/compiler_assign.go:127.85,128.29 1 1
github.com/d5/tengo/compiler/compiler_assign.go:150.2,150.8 1 0
github.com/d5/tengo/compiler/compiler_assign.go:129.25,131.17 2 0
github.com/d5/tengo/compiler/compiler_assign.go:135.3,137.9 2 0
github.com/d5/tengo/compiler/compiler_assign.go:138.22,140.17 2 0
github.com/d5/tengo/compiler/compiler_assign.go:144.3,144.44 1 0
github.com/d5/tengo/compiler/compiler_assign.go:146.18,147.29 1 1
github.com/d5/tengo/compiler/compiler_assign.go:131.17,133.4 1 0
github.com/d5/tengo/compiler/compiler_assign.go:140.17,142.4 1 0
github.com/d5/tengo/compiler/compiler_logical.go:8.63,10.44 1 1
github.com/d5/tengo/compiler/compiler_logical.go:15.2,16.30 2 1
github.com/d5/tengo/compiler/compiler_logical.go:23.2,23.44 1 1
github.com/d5/tengo/compiler/compiler_logical.go:27.2,29.12 2 1
github.com/d5/tengo/compiler/compiler_logical.go:10.44,12.3 1 0
github.com/d5/tengo/compiler/compiler_logical.go:16.30,18.3 1 1
github.com/d5/tengo/compiler/compiler_logical.go:18.8,20.3 1 1
github.com/d5/tengo/compiler/compiler_logical.go:23.44,25.3 1 0
github.com/d5/tengo/compiler/compiler_loops.go:3.38,9.20 4 1
github.com/d5/tengo/compiler/compiler_loops.go:13.2,13.13 1 1
github.com/d5/tengo/compiler/compiler_loops.go:9.20,11.3 1 1
github.com/d5/tengo/compiler/compiler_loops.go:16.32,17.20 1 1
github.com/d5/tengo/compiler/compiler_loops.go:21.2,22.15 2 1
github.com/d5/tengo/compiler/compiler_loops.go:17.20,19.3 1 1
github.com/d5/tengo/compiler/compiler_loops.go:25.40,26.22 1 0
github.com/d5/tengo/compiler/compiler_loops.go:30.2,30.12 1 0
github.com/d5/tengo/compiler/compiler_loops.go:26.22,28.3 1 0
github.com/d5/tengo/compiler/bytecode.go:17.46,20.52 2 1
github.com/d5/tengo/compiler/bytecode.go:24.2,24.33 1 1
github.com/d5/tengo/compiler/bytecode.go:20.52,22.3 1 0
github.com/d5/tengo/compiler/bytecode.go:28.46,31.51 2 1
github.com/d5/tengo/compiler/bytecode.go:35.2,35.32 1 1
github.com/d5/tengo/compiler/bytecode.go:31.51,33.3 1 0
github.com/d5/tengo/compiler/bytecode.go:38.13,48.2 9 1
github.com/d5/tengo/compiler/operands.go:4.77,5.37 1 1
github.com/d5/tengo/compiler/operands.go:16.2,16.8 1 1
github.com/d5/tengo/compiler/operands.go:5.37,6.16 1 1
github.com/d5/tengo/compiler/operands.go:13.3,13.18 1 1
github.com/d5/tengo/compiler/operands.go:7.10,8.61 1 1
github.com/d5/tengo/compiler/operands.go:9.10,10.62 1 1
github.com/d5/tengo/compiler/operands.go:20.34,22.2 1 1
github.com/d5/tengo/compiler/operands.go:25.32,27.2 1 1
github.com/d5/tengo/objects/builtin_function.go:13.45,15.2 1 1
github.com/d5/tengo/objects/builtin_function.go:17.43,19.2 1 0
github.com/d5/tengo/objects/builtin_function.go:23.80,25.2 1 1
github.com/d5/tengo/objects/builtin_function.go:28.41,30.2 1 0
github.com/d5/tengo/objects/builtin_function.go:33.42,35.2 1 1
github.com/d5/tengo/objects/builtin_function.go:39.49,41.2 1 0
github.com/d5/tengo/objects/builtin_function.go:44.64,46.2 1 0
github.com/d5/tengo/objects/char.go:12.32,14.2 1 1
github.com/d5/tengo/objects/char.go:17.34,19.2 1 1
github.com/d5/tengo/objects/char.go:23.69,25.2 1 1
github.com/d5/tengo/objects/char.go:28.30,30.2 1 0
github.com/d5/tengo/objects/char.go:33.31,35.2 1 1
github.com/d5/tengo/objects/char.go:39.38,41.9 2 0
github.com/d5/tengo/objects/char.go:45.2,45.27 1 0
github.com/d5/tengo/objects/char.go:41.9,43.3 1 0
github.com/d5/tengo/objects/int.go:14.31,16.2 1 1
github.com/d5/tengo/objects/int.go:19.33,21.2 1 1
github.com/d5/tengo/objects/int.go:25.68,26.27 1 1
github.com/d5/tengo/objects/int.go:149.2,149.32 1 0
github.com/d5/tengo/objects/int.go:27.12,28.13 1 1
github.com/d5/tengo/objects/int.go:116.14,117.13 1 1
github.com/d5/tengo/objects/int.go:29.18,31.20 2 1
github.com/d5/tengo/objects/int.go:34.4,34.30 1 1
github.com/d5/tengo/objects/int.go:35.18,37.20 2 1
github.com/d5/tengo/objects/int.go:40.4,40.30 1 1
github.com/d5/tengo/objects/int.go:41.18,43.20 2 1
github.com/d5/tengo/objects/int.go:46.4,46.30 1 1
github.com/d5/tengo/objects/int.go:47.18,49.20 2 1
github.com/d5/tengo/objects/int.go:52.4,52.30 1 1
github.com/d5/tengo/objects/int.go:53.18,55.20 2 0
github.com/d5/tengo/objects/int.go:58.4,58.30 1 0
github.com/d5/tengo/objects/int.go:59.18,61.20 2 1
github.com/d5/tengo/objects/int.go:64.4,64.30 1 1
github.com/d5/tengo/objects/int.go:65.17,67.20 2 1
github.com/d5/tengo/objects/int.go:70.4,70.30 1 1
github.com/d5/tengo/objects/int.go:71.18,73.20 2 1
github.com/d5/tengo/objects/int.go:76.4,76.30 1 1
github.com/d5/tengo/objects/int.go:77.21,79.20 2 1
github.com/d5/tengo/objects/int.go:82.4,82.30 1 1
github.com/d5/tengo/objects/int.go:83.18,85.20 2 1
github.com/d5/tengo/objects/int.go:88.4,88.30 1 1
github.com/d5/tengo/objects/int.go:89.18,91.20 2 1
github.com/d5/tengo/objects/int.go:94.4,94.30 1 1
github.com/d5/tengo/objects/int.go:95.19,96.27 1 1
github.com/d5/tengo/objects/int.go:99.4,99.26 1 1
github.com/d5/tengo/objects/int.go:100.22,101.27 1 1
github.com/d5/tengo/objects/int.go:104.4,104.26 1 1
github.com/d5/tengo/objects/int.go:105.21,106.28 1 1
github.com/d5/tengo/objects/int.go:109.4,109.26 1 1
github.com/d5/tengo/objects/int.go:110.24,111.28 1 1
github.com/d5/tengo/objects/int.go:114.4,114.26 1 1
github.com/d5/tengo/objects/int.go:31.20,33.5 1 1
github.com/d5/tengo/objects/int.go:37.20,39.5 1 1
github.com/d5/tengo/objects/int.go:43.20,45.5 1 1
github.com/d5/tengo/objects/int.go:49.20,51.5 1 1
github.com/d5/tengo/objects/int.go:55.20,57.5 1 0
github.com/d5/tengo/objects/int.go:61.20,63.5 1 1
github.com/d5/tengo/objects/int.go:67.20,69.5 1 1
github.com/d5/tengo/objects/int.go:73.20,75.5 1 1
github.com/d5/tengo/objects/int.go:79.20,81.5 1 1
github.com/d5/tengo/objects/int.go:85.20,87.5 1 1
github.com/d5/tengo/objects/int.go:91.20,93.5 1 1
github.com/d5/tengo/objects/int.go:96.27,98.5 1 1
github.com/d5/tengo/objects/int.go:101.27,103.5 1 1
github.com/d5/tengo/objects/int.go:106.28,108.5 1 1
github.com/d5/tengo/objects/int.go:111.28,113.5 1 1
github.com/d5/tengo/objects/int.go:118.18,119.52 1 1
github.com/d5/tengo/objects/int.go:120.18,121.52 1 1
github.com/d5/tengo/objects/int.go:122.18,123.52 1 1
github.com/d5/tengo/objects/int.go:124.18,125.52 1 1
github.com/d5/tengo/objects/int.go:126.19,127.36 1 1
github.com/d5/tengo/objects/int.go:130.4,130.26 1 1
github.com/d5/tengo/objects/int.go:131.22,132.36 1 1
github.com/d5/tengo/objects/int.go:135.4,135.26 1 1
github.com/d5/tengo/objects/int.go:136.21,137.37 1 1
github.com/d5/tengo/objects/int.go:140.4,140.26 1 1
github.com/d5/tengo/objects/int.go:141.24,142.37 1 1
github.com/d5/tengo/objects/int.go:145.4,145.26 1 1
github.com/d5/tengo/objects/int.go:127.36,129.5 1 1
github.com/d5/tengo/objects/int.go:132.36,134.5 1 1
github.com/d5/tengo/objects/int.go:137.37,139.5 1 1
github.com/d5/tengo/objects/int.go:142.37,144.5 1 1
github.com/d5/tengo/objects/int.go:153.29,155.2 1 0
github.com/d5/tengo/objects/int.go:158.30,160.2 1 1
github.com/d5/tengo/objects/int.go:164.37,166.9 2 0
github.com/d5/tengo/objects/int.go:170.2,170.27 1 0
github.com/d5/tengo/objects/int.go:166.9,168.3 1 0
github.com/d5/tengo/objects/array_iterator.go:13.42,18.2 1 0
github.com/d5/tengo/objects/array_iterator.go:21.43,23.2 1 1
github.com/d5/tengo/objects/array_iterator.go:25.41,27.2 1 0
github.com/d5/tengo/objects/array_iterator.go:31.78,33.2 1 1
github.com/d5/tengo/objects/array_iterator.go:36.40,38.2 1 0
github.com/d5/tengo/objects/array_iterator.go:42.45,44.2 1 0
github.com/d5/tengo/objects/array_iterator.go:47.39,49.2 1 0
github.com/d5/tengo/objects/array_iterator.go:52.37,55.2 2 0
github.com/d5/tengo/objects/array_iterator.go:58.38,60.2 1 0
github.com/d5/tengo/objects/array_iterator.go:63.40,65.2 1 0
github.com/d5/tengo/objects/bool.go:12.32,13.13 1 0
github.com/d5/tengo/objects/bool.go:17.2,17.16 1 0
github.com/d5/tengo/objects/bool.go:13.13,15.3 1 0
github.com/d5/tengo/objects/bool.go:21.34,23.2 1 1
github.com/d5/tengo/objects/bool.go:27.69,29.2 1 1
github.com/d5/tengo/objects/bool.go:32.30,35.2 2 0
github.com/d5/tengo/objects/bool.go:38.31,40.2 1 0
github.com/d5/tengo/objects/bool.go:44.38,46.9 2 0
github.com/d5/tengo/objects/bool.go:50.2,50.27 1 0
github.com/d5/tengo/objects/bool.go:46.9,48.3 1 0
github.com/d5/tengo/objects/builtin_append.go:8.52,9.19 1 0
github.com/d5/tengo/objects/builtin_append.go:13.2,13.31 1 0
github.com/d5/tengo/objects/builtin_append.go:9.19,11.3 1 0
github.com/d5/tengo/objects/builtin_append.go:14.14,15.60 1 0
github.com/d5/tengo/objects/builtin_append.go:16.10,17.87 1 0
github.com/d5/tengo/objects/array.go:17.35,19.2 1 1
github.com/d5/tengo/objects/array.go:21.33,23.28 2 1
github.com/d5/tengo/objects/array.go:27.2,27.58 1 1
github.com/d5/tengo/objects/array.go:23.28,25.3 1 0
github.com/d5/tengo/objects/array.go:32.70,33.33 1 1
github.com/d5/tengo/objects/array.go:43.2,43.32 1 0
github.com/d5/tengo/objects/array.go:33.33,34.13 1 1
github.com/d5/tengo/objects/array.go:35.18,36.27 1 1
github.com/d5/tengo/objects/array.go:39.4,39.60 1 1
github.com/d5/tengo/objects/array.go:36.27,38.5 1 1
github.com/d5/tengo/objects/array.go:47.31,49.31 2 0
github.com/d5/tengo/objects/array.go:53.2,53.25 1 0
github.com/d5/tengo/objects/array.go:49.31,51.3 1 0
github.com/d5/tengo/objects/array.go:57.32,59.2 1 1
github.com/d5/tengo/objects/array.go:63.39,65.9 2 0
github.com/d5/tengo/objects/array.go:69.2,69.34 1 0
github.com/d5/tengo/objects/array.go:73.2,73.28 1 0
github.com/d5/tengo/objects/array.go:79.2,79.13 1 0
github.com/d5/tengo/objects/array.go:65.9,67.3 1 0
github.com/d5/tengo/objects/array.go:69.34,71.3 1 0
github.com/d5/tengo/objects/array.go:73.28,74.28 1 0
github.com/d5/tengo/objects/array.go:74.28,76.4 1 0
github.com/d5/tengo/objects/array.go:83.48,84.40 1 0
github.com/d5/tengo/objects/array.go:88.2,88.28 1 0
github.com/d5/tengo/objects/array.go:84.40,86.3 1 0
github.com/d5/tengo/objects/array.go:92.52,93.40 1 0
github.com/d5/tengo/objects/array.go:97.2,99.12 2 0
github.com/d5/tengo/objects/array.go:93.40,95.3 1 0
github.com/d5/tengo/objects/break.go:9.35,11.2 1 1
github.com/d5/tengo/objects/break.go:13.33,15.2 1 0
github.com/d5/tengo/objects/break.go:19.70,21.2 1 1
github.com/d5/tengo/objects/break.go:24.31,26.2 1 0
github.com/d5/tengo/objects/break.go:29.32,31.2 1 1
github.com/d5/tengo/objects/break.go:35.39,37.2 1 0
github.com/d5/tengo/objects/map.go:16.33,18.2 1 1
github.com/d5/tengo/objects/map.go:20.31,22.28 2 1
github.com/d5/tengo/objects/map.go:26.2,26.55 1 1
github.com/d5/tengo/objects/map.go:22.28,24.3 1 0
github.com/d5/tengo/objects/map.go:31.68,33.2 1 1
github.com/d5/tengo/objects/map.go:36.29,38.28 2 0
github.com/d5/tengo/objects/map.go:42.2,42.23 1 0
github.com/d5/tengo/objects/map.go:38.28,40.3 1 0
github.com/d5/tengo/objects/map.go:46.30,48.2 1 1
github.com/d5/tengo/objects/map.go:51.46,55.2 2 0
github.com/d5/tengo/objects/map.go:58.45,60.2 1 0
github.com/d5/tengo/objects/map.go:64.37,66.9 2 0
github.com/d5/tengo/objects/map.go:70.2,70.34 1 0
github.com/d5/tengo/objects/map.go:74.2,74.28 1 0
github.com/d5/tengo/objects/map.go:81.2,81.13 1 0
github.com/d5/tengo/objects/map.go:66.9,68.3 1 0
github.com/d5/tengo/objects/map.go:70.34,72.3 1 0
github.com/d5/tengo/objects/map.go:74.28,76.20 2 0
github.com/d5/tengo/objects/map.go:76.20,78.4 1 0
github.com/d5/tengo/objects/string.go:15.36,17.2 1 1
github.com/d5/tengo/objects/string.go:19.34,21.2 1 1
github.com/d5/tengo/objects/string.go:25.71,26.27 1 1
github.com/d5/tengo/objects/string.go:42.2,42.32 1 0
github.com/d5/tengo/objects/string.go:27.15,28.13 1 1
github.com/d5/tengo/objects/string.go:35.13,36.13 1 1
github.com/d5/tengo/objects/string.go:29.18,30.23 1 1
github.com/d5/tengo/objects/string.go:33.4,33.51 1 1
github.com/d5/tengo/objects/string.go:30.23,32.5 1 0
github.com/d5/tengo/objects/string.go:37.18,38.59 1 1
github.com/d5/tengo/objects/string.go:46.33,48.2 1 1
github.com/d5/tengo/objects/string.go:51.32,53.2 1 0
github.com/d5/tengo/objects/string.go:57.40,59.9 2 0
github.com/d5/tengo/objects/string.go:63.2,63.27 1 0
github.com/d5/tengo/objects/string.go:59.9,61.3 1 0
github.com/d5/tengo/objects/undefined.go:9.39,11.2 1 1
github.com/d5/tengo/objects/undefined.go:13.37,15.2 1 0
github.com/d5/tengo/objects/undefined.go:19.74,21.2 1 1
github.com/d5/tengo/objects/undefined.go:24.35,26.2 1 0
github.com/d5/tengo/objects/undefined.go:29.36,31.2 1 1
github.com/d5/tengo/objects/undefined.go:35.43,39.2 2 0
github.com/d5/tengo/objects/builtin_copy.go:5.50,7.20 1 0
github.com/d5/tengo/objects/builtin_copy.go:11.2,11.28 1 0
github.com/d5/tengo/objects/builtin_copy.go:7.20,9.3 1 0
github.com/d5/tengo/objects/builtin_len.go:7.49,8.20 1 0
github.com/d5/tengo/objects/builtin_len.go:12.2,12.31 1 0
github.com/d5/tengo/objects/builtin_len.go:8.20,10.3 1 0
github.com/d5/tengo/objects/builtin_len.go:13.14,14.49 1 0
github.com/d5/tengo/objects/builtin_len.go:15.15,16.49 1 0
github.com/d5/tengo/objects/builtin_len.go:17.10,18.84 1 0
github.com/d5/tengo/objects/compiled_function.go:15.46,17.2 1 1
github.com/d5/tengo/objects/compiled_function.go:19.44,21.2 1 0
github.com/d5/tengo/objects/compiled_function.go:25.81,27.2 1 1
github.com/d5/tengo/objects/compiled_function.go:30.42,36.2 1 0
github.com/d5/tengo/objects/compiled_function.go:39.43,41.2 1 1
github.com/d5/tengo/objects/compiled_function.go:45.50,47.2 1 0
github.com/d5/tengo/objects/builtin_convert.go:8.52,9.20 1 0
github.com/d5/tengo/objects/builtin_convert.go:13.2,13.31 1 0
github.com/d5/tengo/objects/builtin_convert.go:9.20,11.3 1 0
github.com/d5/tengo/objects/builtin_convert.go:14.15,15.18 1 0
github.com/d5/tengo/objects/builtin_convert.go:16.18,17.29 1 0
github.com/d5/tengo/objects/builtin_convert.go:18.10,19.43 1 0
github.com/d5/tengo/objects/builtin_convert.go:23.49,24.20 1 0
github.com/d5/tengo/objects/builtin_convert.go:28.2,28.31 1 0
github.com/d5/tengo/objects/builtin_convert.go:47.2,47.28 1 0
github.com/d5/tengo/objects/builtin_convert.go:24.20,26.3 1 0
github.com/d5/tengo/objects/builtin_convert.go:29.12,30.18 1 0
github.com/d5/tengo/objects/builtin_convert.go:31.14,32.44 1 0
github.com/d5/tengo/objects/builtin_convert.go:33.13,34.44 1 0
github.com/d5/tengo/objects/builtin_convert.go:35.13,36.16 1 0
github.com/d5/tengo/objects/builtin_convert.go:39.3,39.29 1 0
github.com/d5/tengo/objects/builtin_convert.go:40.15,42.17 2 0
github.com/d5/tengo/objects/builtin_convert.go:36.16,38.4 1 0
github.com/d5/tengo/objects/builtin_convert.go:42.17,44.4 1 0
github.com/d5/tengo/objects/builtin_convert.go:50.51,51.20 1 0
github.com/d5/tengo/objects/builtin_convert.go:55.2,55.31 1 0
github.com/d5/tengo/objects/builtin_convert.go:67.2,67.28 1 0
github.com/d5/tengo/objects/builtin_convert.go:51.20,53.3 1 0
github.com/d5/tengo/objects/builtin_convert.go:56.14,57.18 1 0
github.com/d5/tengo/objects/builtin_convert.go:58.12,59.48 1 0
github.com/d5/tengo/objects/builtin_convert.go:60.15,62.17 2 0
github.com/d5/tengo/objects/builtin_convert.go:62.17,64.4 1 0
github.com/d5/tengo/objects/builtin_convert.go:70.50,71.20 1 0
github.com/d5/tengo/objects/builtin_convert.go:75.2,75.31 1 0
github.com/d5/tengo/objects/builtin_convert.go:71.20,73.3 1 0
github.com/d5/tengo/objects/builtin_convert.go:76.13,77.18 1 0
github.com/d5/tengo/objects/builtin_convert.go:78.10,79.43 1 0
github.com/d5/tengo/objects/builtin_convert.go:83.50,84.20 1 0
github.com/d5/tengo/objects/builtin_convert.go:88.2,88.31 1 0
github.com/d5/tengo/objects/builtin_convert.go:103.2,103.28 1 0
github.com/d5/tengo/objects/builtin_convert.go:84.20,86.3 1 0
github.com/d5/tengo/objects/builtin_convert.go:89.13,90.18 1 0
github.com/d5/tengo/objects/builtin_convert.go:91.12,92.44 1 0
github.com/d5/tengo/objects/builtin_convert.go:93.15,95.18 2 0
github.com/d5/tengo/objects/builtin_convert.go:96.10,97.23 1 0
github.com/d5/tengo/objects/builtin_convert.go:98.10,99.35 1 0
github.com/d5/tengo/objects/builtin_print.go:7.51,8.27 1 0
github.com/d5/tengo/objects/builtin_print.go:12.2,12.17 1 0
github.com/d5/tengo/objects/builtin_print.go:8.27,10.3 1 0
github.com/d5/tengo/objects/continue.go:10.38,12.2 1 1
github.com/d5/tengo/objects/continue.go:14.36,16.2 1 0
github.com/d5/tengo/objects/continue.go:20.73,22.2 1 1
github.com/d5/tengo/objects/continue.go:25.34,27.2 1 0
github.com/d5/tengo/objects/continue.go:30.35,32.2 1 1
github.com/d5/tengo/objects/continue.go:36.42,38.2 1 0
github.com/d5/tengo/objects/map_iterator.go:14.38,16.25 2 0
github.com/d5/tengo/objects/map_iterator.go:20.2,24.3 1 0
github.com/d5/tengo/objects/map_iterator.go:16.25,18.3 1 0
github.com/d5/tengo/objects/map_iterator.go:28.41,30.2 1 1
github.com/d5/tengo/objects/map_iterator.go:32.39,34.2 1 0
github.com/d5/tengo/objects/map_iterator.go:38.76,40.2 1 1
github.com/d5/tengo/objects/map_iterator.go:43.38,45.2 1 0
github.com/d5/tengo/objects/map_iterator.go:49.43,51.2 1 0
github.com/d5/tengo/objects/map_iterator.go:54.37,56.2 1 0
github.com/d5/tengo/objects/map_iterator.go:59.35,62.2 2 0
github.com/d5/tengo/objects/map_iterator.go:65.36,69.2 2 0
github.com/d5/tengo/objects/map_iterator.go:72.38,76.2 2 0
github.com/d5/tengo/objects/return_value.go:11.41,13.2 1 1
github.com/d5/tengo/objects/return_value.go:15.39,17.2 1 0
github.com/d5/tengo/objects/return_value.go:21.76,23.2 1 1
github.com/d5/tengo/objects/return_value.go:26.37,28.2 1 0
github.com/d5/tengo/objects/return_value.go:31.38,33.2 1 1
github.com/d5/tengo/objects/return_value.go:37.45,39.2 1 0
github.com/d5/tengo/objects/closure.go:14.37,16.2 1 1
github.com/d5/tengo/objects/closure.go:18.35,20.2 1 0
github.com/d5/tengo/objects/closure.go:24.72,26.2 1 1
github.com/d5/tengo/objects/closure.go:29.33,34.2 1 0
github.com/d5/tengo/objects/closure.go:37.34,39.2 1 1
github.com/d5/tengo/objects/closure.go:43.41,45.2 1 0
github.com/d5/tengo/objects/float.go:15.33,17.2 1 1
github.com/d5/tengo/objects/float.go:20.35,22.2 1 1
github.com/d5/tengo/objects/float.go:26.70,27.27 1 1
github.com/d5/tengo/objects/float.go:124.2,124.32 1 0
github.com/d5/tengo/objects/float.go:28.14,29.13 1 1
github.com/d5/tengo/objects/float.go:75.12,76.13 1 1
github.com/d5/tengo/objects/float.go:30.18,32.20 2 1
github.com/d5/tengo/objects/float.go:35.4,35.32 1 1
github.com/d5/tengo/objects/float.go:36.18,38.20 2 1
github.com/d5/tengo/objects/float.go:41.4,41.32 1 1
github.com/d5/tengo/objects/float.go:42.18,44.20 2 1
github.com/d5/tengo/objects/float.go:47.4,47.32 1 1
github.com/d5/tengo/objects/float.go:48.18,50.20 2 1
github.com/d5/tengo/objects/float.go:53.4,53.32 1 1
github.com/d5/tengo/objects/float.go:54.19,55.27 1 1
github.com/d5/tengo/objects/float.go:58.4,58.26 1 1
github.com/d5/tengo/objects/float.go:59.22,60.27 1 1
github.com/d5/tengo/objects/float.go:63.4,63.26 1 1
github.com/d5/tengo/objects/float.go:64.21,65.28 1 1
github.com/d5/tengo/objects/float.go:68.4,68.26 1 1
github.com/d5/tengo/objects/float.go:69.24,70.28 1 1
github.com/d5/tengo/objects/float.go:73.4,73.26 1 1
github.com/d5/tengo/objects/float.go:32.20,34.5 1 1
github.com/d5/tengo/objects/float.go:38.20,40.5 1 1
github.com/d5/tengo/objects/float.go:44.20,46.5 1 0
github.com/d5/tengo/objects/float.go:50.20,52.5 1 0
github.com/d5/tengo/objects/float.go:55.27,57.5 1 1
github.com/d5/tengo/objects/float.go:60.27,62.5 1 1
github.com/d5/tengo/objects/float.go:65.28,67.5 1 1
github.com/d5/tengo/objects/float.go:70.28,72.5 1 1
github.com/d5/tengo/objects/float.go:77.18,79.20 2 1
github.com/d5/tengo/objects/float.go:82.4,82.32 1 1
github.com/d5/tengo/objects/float.go:83.18,85.20 2 1
github.com/d5/tengo/objects/float.go:88.4,88.32 1 1
github.com/d5/tengo/objects/float.go:89.18,91.20 2 1
github.com/d5/tengo/objects/float.go:94.4,94.32 1 1
github.com/d5/tengo/objects/float.go:95.18,97.20 2 1
github.com/d5/tengo/objects/float.go:100.4,100.32 1 1
github.com/d5/tengo/objects/float.go:101.19,102.36 1 1
github.com/d5/tengo/objects/float.go:105.4,105.26 1 1
github.com/d5/tengo/objects/float.go:106.22,107.36 1 1
github.com/d5/tengo/objects/float.go:110.4,110.26 1 1
github.com/d5/tengo/objects/float.go:111.21,112.37 1 1
github.com/d5/tengo/objects/float.go:115.4,115.26 1 1
github.com/d5/tengo/objects/float.go:116.24,117.37 1 1
github.com/d5/tengo/objects/float.go:120.4,120.26 1 1
github.com/d5/tengo/objects/float.go:79.20,81.5 1 1
github.com/d5/tengo/objects/float.go:85.20,87.5 1 1
github.com/d5/tengo/objects/float.go:91.20,93.5 1 1
github.com/d5/tengo/objects/float.go:97.20,99.5 1 1
github.com/d5/tengo/objects/float.go:102.36,104.5 1 1
github.com/d5/tengo/objects/float.go:107.36,109.5 1 1
github.com/d5/tengo/objects/float.go:112.37,114.5 1 1
github.com/d5/tengo/objects/float.go:117.37,119.5 1 1
github.com/d5/tengo/objects/float.go:128.31,130.2 1 0
github.com/d5/tengo/objects/float.go:133.32,135.2 1 1
github.com/d5/tengo/objects/float.go:139.39,141.9 2 0
github.com/d5/tengo/objects/float.go:145.2,145.27 1 0
github.com/d5/tengo/objects/float.go:141.9,143.3 1 0
github.com/d5/tengo/objects/string_iterator.go:13.44,20.2 2 0
github.com/d5/tengo/objects/string_iterator.go:23.44,25.2 1 1
github.com/d5/tengo/objects/string_iterator.go:27.42,29.2 1 0
github.com/d5/tengo/objects/string_iterator.go:33.79,35.2 1 1
github.com/d5/tengo/objects/string_iterator.go:38.41,40.2 1 0
github.com/d5/tengo/objects/string_iterator.go:44.46,46.2 1 0
github.com/d5/tengo/objects/string_iterator.go:49.40,51.2 1 0
github.com/d5/tengo/objects/string_iterator.go:54.38,57.2 2 0
github.com/d5/tengo/objects/string_iterator.go:60.39,62.2 1 0
github.com/d5/tengo/objects/string_iterator.go:65.41,67.2 1 0
github.com/d5/tengo/script/script.go:20.32,25.2 1 1
github.com/d5/tengo/script/script.go:28.60,30.16 2 1
github.com/d5/tengo/script/script.go:34.2,39.12 2 1
github.com/d5/tengo/script/script.go:30.16,32.3 1 0
github.com/d5/tengo/script/script.go:44.43,45.37 1 1
github.com/d5/tengo/script/script.go:49.2,51.13 2 1
github.com/d5/tengo/script/script.go:45.37,47.3 1 0
github.com/d5/tengo/script/script.go:55.47,62.16 5 1
github.com/d5/tengo/script/script.go:66.2,67.40 2 1
github.com/d5/tengo/script/script.go:71.2,74.8 1 1
github.com/d5/tengo/script/script.go:62.16,64.3 1 0
github.com/d5/tengo/script/script.go:67.40,69.3 1 1
github.com/d5/tengo/script/script.go:79.56,81.16 2 1
github.com/d5/tengo/script/script.go:85.2,87.8 2 1
github.com/d5/tengo/script/script.go:81.16,83.3 1 0
github.com/d5/tengo/script/script.go:90.95,92.32 2 1
github.com/d5/tengo/script/script.go:96.2,99.31 3 1
github.com/d5/tengo/script/script.go:108.2,108.8 1 1
github.com/d5/tengo/script/script.go:92.32,94.3 1 1
github.com/d5/tengo/script/script.go:99.31,101.26 2 1
github.com/d5/tengo/script/script.go:105.3,105.50 1 1
github.com/d5/tengo/script/script.go:101.26,102.72 1 0
github.com/d5/tengo/script/script.go:111.55,113.32 2 0
github.com/d5/tengo/script/script.go:117.2,117.13 1 0
github.com/d5/tengo/script/script.go:113.32,115.3 1 0
github.com/d5/tengo/script/variable.go:16.69,18.16 2 1
github.com/d5/tengo/script/variable.go:22.2,25.8 1 1
github.com/d5/tengo/script/variable.go:18.16,20.3 1 0
github.com/d5/tengo/script/variable.go:29.34,31.2 1 1
github.com/d5/tengo/script/variable.go:34.40,36.2 1 1
github.com/d5/tengo/script/variable.go:39.39,41.2 1 1
github.com/d5/tengo/script/variable.go:45.30,47.2 1 1
github.com/d5/tengo/script/variable.go:51.34,52.34 1 1
github.com/d5/tengo/script/variable.go:69.2,69.10 1 1
github.com/d5/tengo/script/variable.go:53.20,54.19 1 1
github.com/d5/tengo/script/variable.go:55.22,56.26 1 0
github.com/d5/tengo/script/variable.go:57.21,58.16 1 1
github.com/d5/tengo/script/variable.go:61.3,61.11 1 0
github.com/d5/tengo/script/variable.go:62.21,63.26 1 0
github.com/d5/tengo/script/variable.go:64.23,66.11 2 1
github.com/d5/tengo/script/variable.go:58.16,60.4 1 1
github.com/d5/tengo/script/variable.go:74.36,75.34 1 1
github.com/d5/tengo/script/variable.go:90.2,90.10 1 1
github.com/d5/tengo/script/variable.go:76.20,77.28 1 1
github.com/d5/tengo/script/variable.go:78.22,79.19 1 0
github.com/d5/tengo/script/variable.go:80.21,81.16 1 1
github.com/d5/tengo/script/variable.go:84.3,84.11 1 0
github.com/d5/tengo/script/variable.go:85.23,87.11 2 1
github.com/d5/tengo/script/variable.go:81.16,83.4 1 1
github.com/d5/tengo/script/variable.go:95.32,96.34 1 1
github.com/d5/tengo/script/variable.go:101.2,101.10 1 1
github.com/d5/tengo/script/variable.go:97.21,98.19 1 0
github.com/d5/tengo/script/variable.go:106.32,107.34 1 1
github.com/d5/tengo/script/variable.go:112.2,112.14 1 1
github.com/d5/tengo/script/variable.go:108.21,109.19 1 1
github.com/d5/tengo/script/variable.go:117.42,118.34 1 0
github.com/d5/tengo/script/variable.go:127.2,127.12 1 0
github.com/d5/tengo/script/variable.go:119.22,121.31 2 0
github.com/d5/tengo/script/variable.go:124.3,124.13 1 0
github.com/d5/tengo/script/variable.go:121.31,123.4 1 0
github.com/d5/tengo/script/variable.go:132.49,133.34 1 0
github.com/d5/tengo/script/variable.go:142.2,142.12 1 0
github.com/d5/tengo/script/variable.go:134.20,136.33 2 0
github.com/d5/tengo/script/variable.go:139.3,139.12 1 0
github.com/d5/tengo/script/variable.go:136.33,138.4 1 0
github.com/d5/tengo/script/variable.go:147.36,149.2 1 1
github.com/d5/tengo/script/variable.go:153.44,155.2 1 1
github.com/d5/tengo/script/variable.go:158.39,162.2 2 1
github.com/d5/tengo/script/compiled.go:19.32,21.2 1 1
github.com/d5/tengo/script/compiled.go:24.48,26.9 2 1
github.com/d5/tengo/script/compiled.go:30.2,31.14 2 1
github.com/d5/tengo/script/compiled.go:35.2,37.21 2 1
github.com/d5/tengo/script/compiled.go:26.9,28.3 1 1
github.com/d5/tengo/script/compiled.go:31.14,33.3 1 1
github.com/d5/tengo/script/compiled.go:41.47,45.48 3 1
github.com/d5/tengo/script/compiled.go:52.2,55.3 1 1
github.com/d5/tengo/script/compiled.go:45.48,47.19 2 1
github.com/d5/tengo/script/compiled.go:47.19,49.4 1 1
github.com/d5/tengo/script/compiled.go:59.41,61.45 2 1
github.com/d5/tengo/script/compiled.go:76.2,76.13 1 1
github.com/d5/tengo/script/compiled.go:61.45,63.49 2 1
github.com/d5/tengo/script/compiled.go:63.49,65.20 2 1
github.com/d5/tengo/script/compiled.go:69.4,72.6 1 1
github.com/d5/tengo/script/compiled.go:65.20,67.5 1 0
github.com/d5/tengo/script/conversion.go:11.46,12.25 1 1
github.com/d5/tengo/script/conversion.go:40.2,40.19 1 1
github.com/d5/tengo/script/conversion.go:13.22,15.31 2 0
github.com/d5/tengo/script/conversion.go:18.3,18.43 1 0
github.com/d5/tengo/script/conversion.go:19.20,21.31 2 0
github.com/d5/tengo/script/conversion.go:24.3,24.43 1 0
github.com/d5/tengo/script/conversion.go:25.20,26.42 1 1
github.com/d5/tengo/script/conversion.go:27.22,28.53 1 0
github.com/d5/tengo/script/conversion.go:29.21,30.16 1 1
github.com/d5/tengo/script/conversion.go:33.3,33.17 1 0
github.com/d5/tengo/script/conversion.go:34.21,35.27 1 0
github.com/d5/tengo/script/conversion.go:36.23,37.19 1 1
github.com/d5/tengo/script/conversion.go:15.31,17.4 1 0
github.com/d5/tengo/script/conversion.go:21.31,23.4 1 0
github.com/d5/tengo/script/conversion.go:30.16,32.4 1 1
github.com/d5/tengo/script/conversion.go:43.54,44.25 1 1
github.com/d5/tengo/script/conversion.go:63.2,63.10 1 1
github.com/d5/tengo/script/conversion.go:45.22,46.19 1 0
github.com/d5/tengo/script/conversion.go:47.20,48.19 1 0
github.com/d5/tengo/script/conversion.go:49.20,50.19 1 1
github.com/d5/tengo/script/conversion.go:51.22,52.19 1 0
github.com/d5/tengo/script/conversion.go:53.21,54.19 1 1
github.com/d5/tengo/script/conversion.go:55.21,56.19 1 0
github.com/d5/tengo/script/conversion.go:57.23,58.19 1 1
github.com/d5/tengo/script/conversion.go:59.26,60.13 1 1
github.com/d5/tengo/script/conversion.go:66.63,67.23 1 1
github.com/d5/tengo/script/conversion.go:114.2,114.57 1 0
github.com/d5/tengo/script/conversion.go:68.11,69.24 1 1
github.com/d5/tengo/script/conversion.go:70.14,71.40 1 1
github.com/d5/tengo/script/conversion.go:72.13,73.37 1 1
github.com/d5/tengo/script/conversion.go:74.11,75.44 1 1
github.com/d5/tengo/script/conversion.go:76.12,77.38 1 1
github.com/d5/tengo/script/conversion.go:78.12,79.38 1 0
github.com/d5/tengo/script/conversion.go:80.12,81.44 1 0
github.com/d5/tengo/script/conversion.go:82.15,83.39 1 0
github.com/d5/tengo/script/conversion.go:84.33,85.37 1 0
github.com/d5/tengo/script/conversion.go:86.30,88.25 2 0
github.com/d5/tengo/script/conversion.go:96.3,96.38 1 0
github.com/d5/tengo/script/conversion.go:97.24,98.39 1 0
github.com/d5/tengo/script/conversion.go:99.21,101.23 2 0
github.com/d5/tengo/script/conversion.go:109.3,109.41 1 0
github.com/d5/tengo/script/conversion.go:110.22,111.16 1 1
github.com/d5/tengo/script/conversion.go:88.25,90.18 2 0
github.com/d5/tengo/script/conversion.go:94.4,94.15 1 0
github.com/d5/tengo/script/conversion.go:90.18,92.5 1 0
github.com/d5/tengo/script/conversion.go:101.23,103.18 2 0
github.com/d5/tengo/script/conversion.go:107.4,107.25 1 0
github.com/d5/tengo/script/conversion.go:103.18,105.5 1 0
github.com/d5/tengo/runtime/vm.go:44.72,45.20 1 1
github.com/d5/tengo/runtime/vm.go:53.2,69.3 6 1
github.com/d5/tengo/runtime/vm.go:45.20,47.3 1 0
github.com/d5/tengo/runtime/vm.go:47.8,47.39 1 1
github.com/d5/tengo/runtime/vm.go:47.39,51.3 3 0
github.com/d5/tengo/runtime/vm.go:73.22,75.2 1 0
github.com/d5/tengo/runtime/vm.go:78.26,81.50 2 1
github.com/d5/tengo/runtime/vm.go:1021.2,1021.29 1 1
github.com/d5/tengo/runtime/vm.go:1025.2,1025.12 1 1
github.com/d5/tengo/runtime/vm.go:81.50,86.42 3 1
github.com/d5/tengo/runtime/vm.go:87.28,91.25 3 1
github.com/d5/tengo/runtime/vm.go:95.4,96.10 2 1
github.com/d5/tengo/runtime/vm.go:98.24,99.25 1 1
github.com/d5/tengo/runtime/vm.go:103.4,104.10 2 1
github.com/d5/tengo/runtime/vm.go:106.23,112.18 5 1
github.com/d5/tengo/runtime/vm.go:116.4,116.25 1 1
github.com/d5/tengo/runtime/vm.go:120.4,121.10 2 1
github.com/d5/tengo/runtime/vm.go:123.23,129.18 5 1
github.com/d5/tengo/runtime/vm.go:133.4,133.25 1 1
github.com/d5/tengo/runtime/vm.go:137.4,138.10 2 1
github.com/d5/tengo/runtime/vm.go:140.23,146.18 5 1
github.com/d5/tengo/runtime/vm.go:150.4,150.25 1 1
github.com/d5/tengo/runtime/vm.go:154.4,155.10 2 1
github.com/d5/tengo/runtime/vm.go:157.23,163.18 5 1
github.com/d5/tengo/runtime/vm.go:167.4,167.25 1 1
github.com/d5/tengo/runtime/vm.go:171.4,172.10 2 1
github.com/d5/tengo/runtime/vm.go:174.23,180.18 5 1
github.com/d5/tengo/runtime/vm.go:184.4,184.25 1 1
github.com/d5/tengo/runtime/vm.go:188.4,189.10 2 1
github.com/d5/tengo/runtime/vm.go:191.24,197.18 5 1
github.com/d5/tengo/runtime/vm.go:201.4,201.25 1 1
github.com/d5/tengo/runtime/vm.go:205.4,206.10 2 1
github.com/d5/tengo/runtime/vm.go:208.23,214.18 5 1
github.com/d5/tengo/runtime/vm.go:218.4,218.25 1 1
github.com/d5/tengo/runtime/vm.go:222.4,223.10 2 1
github.com/d5/tengo/runtime/vm.go:225.24,231.18 5 1
github.com/d5/tengo/runtime/vm.go:235.4,235.25 1 1
github.com/d5/tengo/runtime/vm.go:239.4,240.10 2 1
github.com/d5/tengo/runtime/vm.go:242.27,248.18 5 1
github.com/d5/tengo/runtime/vm.go:252.4,252.25 1 1
github.com/d5/tengo/runtime/vm.go:256.4,257.10 2 1
github.com/d5/tengo/runtime/vm.go:259.30,265.18 5 1
github.com/d5/tengo/runtime/vm.go:269.4,269.25 1 1
github.com/d5/tengo/runtime/vm.go:273.4,274.10 2 1
github.com/d5/tengo/runtime/vm.go:276.31,282.18 5 1
github.com/d5/tengo/runtime/vm.go:286.4,286.25 1 1
github.com/d5/tengo/runtime/vm.go:290.4,291.10 2 1
github.com/d5/tengo/runtime/vm.go:293.25,298.25 4 1
github.com/d5/tengo/runtime/vm.go:302.4,302.30 1 1
github.com/d5/tengo/runtime/vm.go:307.4,307.10 1 1
github.com/d5/tengo/runtime/vm.go:309.28,314.25 4 1
github.com/d5/tengo/runtime/vm.go:318.4,318.30 1 1
github.com/d5/tengo/runtime/vm.go:323.4,323.10 1 1
github.com/d5/tengo/runtime/vm.go:325.31,331.18 5 1
github.com/d5/tengo/runtime/vm.go:335.4,335.25 1 1
github.com/d5/tengo/runtime/vm.go:339.4,340.10 2 1
github.com/d5/tengo/runtime/vm.go:342.36,348.18 5 1
github.com/d5/tengo/runtime/vm.go:352.4,352.25 1 1
github.com/d5/tengo/runtime/vm.go:356.4,357.10 2 1
github.com/d5/tengo/runtime/vm.go:359.23,360.10 1 1
github.com/d5/tengo/runtime/vm.go:362.24,363.25 1 1
github.com/d5/tengo/runtime/vm.go:367.4,368.10 2 1
github.com/d5/tengo/runtime/vm.go:370.25,371.25 1 1
github.com/d5/tengo/runtime/vm.go:375.4,376.10 2 1
github.com/d5/tengo/runtime/vm.go:378.24,382.25 3 1
github.com/d5/tengo/runtime/vm.go:386.4,386.28 1 1
github.com/d5/tengo/runtime/vm.go:391.4,391.10 1 1
github.com/d5/tengo/runtime/vm.go:393.31,397.34 3 1
github.com/d5/tengo/runtime/vm.go:411.25,415.34 3 1
github.com/d5/tengo/runtime/vm.go:438.29,445.30 5 1
github.com/d5/tengo/runtime/vm.go:449.27,454.27 4 1
github.com/d5/tengo/runtime/vm.go:460.26,465.28 4 1
github.com/d5/tengo/runtime/vm.go:471.24,473.27 2 1
github.com/d5/tengo/runtime/vm.go:475.29,481.42 4 1
github.com/d5/tengo/runtime/vm.go:483.32,490.38 5 1
github.com/d5/tengo/runtime/vm.go:505.4,508.81 3 1
github.com/d5/tengo/runtime/vm.go:512.29,518.25 4 1
github.com/d5/tengo/runtime/vm.go:522.4,523.10 2 1
github.com/d5/tengo/runtime/vm.go:525.25,530.47 4 1
github.com/d5/tengo/runtime/vm.go:533.4,537.25 3 1
github.com/d5/tengo/runtime/vm.go:541.4,542.10 2 1
github.com/d5/tengo/runtime/vm.go:544.23,549.50 4 1
github.com/d5/tengo/runtime/vm.go:554.4,558.25 3 1
github.com/d5/tengo/runtime/vm.go:562.4,563.10 2 1
github.com/d5/tengo/runtime/vm.go:565.25,570.34 4 1
github.com/d5/tengo/runtime/vm.go:632.30,640.32 6 1
github.com/d5/tengo/runtime/vm.go:649.4,649.34 1 1
github.com/d5/tengo/runtime/vm.go:658.4,658.34 1 1
github.com/d5/tengo/runtime/vm.go:713.24,719.35 4 1
github.com/d5/tengo/runtime/vm.go:757.31,785.27 10 1
github.com/d5/tengo/runtime/vm.go:789.4,789.28 1 1
github.com/d5/tengo/runtime/vm.go:792.26,801.25 7 1
github.com/d5/tengo/runtime/vm.go:805.4,806.10 2 1
github.com/d5/tengo/runtime/vm.go:808.31,819.22 6 1
github.com/d5/tengo/runtime/vm.go:821.28,832.23 6 1
github.com/d5/tengo/runtime/vm.go:834.31,841.38 5 1
github.com/d5/tengo/runtime/vm.go:856.4,861.70 4 1
github.com/d5/tengo/runtime/vm.go:865.28,871.25 4 1
github.com/d5/tengo/runtime/vm.go:875.4,876.10 2 1
github.com/d5/tengo/runtime/vm.go:878.30,882.25 3 1
github.com/d5/tengo/runtime/vm.go:886.4,887.10 2 1
github.com/d5/tengo/runtime/vm.go:889.27,894.71 4 1
github.com/d5/tengo/runtime/vm.go:898.27,904.25 4 1
github.com/d5/tengo/runtime/vm.go:908.4,909.10 2 1
github.com/d5/tengo/runtime/vm.go:911.30,918.38 5 1
github.com/d5/tengo/runtime/vm.go:933.4,936.89 3 1
github.com/d5/tengo/runtime/vm.go:940.27,947.42 5 1
github.com/d5/tengo/runtime/vm.go:949.32,955.32 4 1
github.com/d5/tengo/runtime/vm.go:966.4,966.25 1 1
github.com/d5/tengo/runtime/vm.go:970.4,971.10 2 1
github.com/d5/tengo/runtime/vm.go:973.32,978.25 4 1
github.com/d5/tengo/runtime/vm.go:982.4,982.9 1 1
github.com/d5/tengo/runtime/vm.go:987.4,987.10 1 1
github.com/d5/tengo/runtime/vm.go:989.31,995.25 4 1
github.com/d5/tengo/runtime/vm.go:999.4,1000.10 2 1
github.com/d5/tengo/runtime/vm.go:1002.33,1008.25 4 1
github.com/d5/tengo/runtime/vm.go:1012.4,1013.10 2 1
github.com/d5/tengo/runtime/vm.go:1015.11,1016.59 1 0
github.com/d5/tengo/runtime/vm.go:91.25,93.5 1 0
github.com/d5/tengo/runtime/vm.go:99.25,101.5 1 0
github.com/d5/tengo/runtime/vm.go:112.18,114.5 1 1
github.com/d5/tengo/runtime/vm.go:116.25,118.5 1 0
github.com/d5/tengo/runtime/vm.go:129.18,131.5 1 1
github.com/d5/tengo/runtime/vm.go:133.25,135.5 1 0
github.com/d5/tengo/runtime/vm.go:146.18,148.5 1 0
github.com/d5/tengo/runtime/vm.go:150.25,152.5 1 0
github.com/d5/tengo/runtime/vm.go:163.18,165.5 1 0
github.com/d5/tengo/runtime/vm.go:167.25,169.5 1 0
github.com/d5/tengo/runtime/vm.go:180.18,182.5 1 0
github.com/d5/tengo/runtime/vm.go:184.25,186.5 1 0
github.com/d5/tengo/runtime/vm.go:197.18,199.5 1 0
github.com/d5/tengo/runtime/vm.go:201.25,203.5 1 0
github.com/d5/tengo/runtime/vm.go:214.18,216.5 1 0
github.com/d5/tengo/runtime/vm.go:218.25,220.5 1 0
github.com/d5/tengo/runtime/vm.go:231.18,233.5 1 0
github.com/d5/tengo/runtime/vm.go:235.25,237.5 1 0
github.com/d5/tengo/runtime/vm.go:248.18,250.5 1 0
github.com/d5/tengo/runtime/vm.go:252.25,254.5 1 0
github.com/d5/tengo/runtime/vm.go:265.18,267.5 1 0
github.com/d5/tengo/runtime/vm.go:269.25,271.5 1 0
github.com/d5/tengo/runtime/vm.go:282.18,284.5 1 0
github.com/d5/tengo/runtime/vm.go:286.25,288.5 1 0
github.com/d5/tengo/runtime/vm.go:298.25,300.5 1 0
github.com/d5/tengo/runtime/vm.go:302.30,304.5 1 1
github.com/d5/tengo/runtime/vm.go:304.10,306.5 1 1
github.com/d5/tengo/runtime/vm.go:314.25,316.5 1 0
github.com/d5/tengo/runtime/vm.go:318.30,320.5 1 1
github.com/d5/tengo/runtime/vm.go:320.10,322.5 1 1
github.com/d5/tengo/runtime/vm.go:331.18,333.5 1 0
github.com/d5/tengo/runtime/vm.go:335.25,337.5 1 0
github.com/d5/tengo/runtime/vm.go:348.18,350.5 1 0
github.com/d5/tengo/runtime/vm.go:352.25,354.5 1 0
github.com/d5/tengo/runtime/vm.go:363.25,365.5 1 0
github.com/d5/tengo/runtime/vm.go:371.25,373.5 1 0
github.com/d5/tengo/runtime/vm.go:382.25,384.5 1 0
github.com/d5/tengo/runtime/vm.go:386.28,388.5 1 1
github.com/d5/tengo/runtime/vm.go:388.10,390.5 1 1
github.com/d5/tengo/runtime/vm.go:398.22,399.26 1 1
github.com/d5/tengo/runtime/vm.go:403.5,406.11 3 1
github.com/d5/tengo/runtime/vm.go:407.12,408.72 1 0
github.com/d5/tengo/runtime/vm.go:399.26,401.6 1 0
github.com/d5/tengo/runtime/vm.go:416.22,417.26 1 1
github.com/d5/tengo/runtime/vm.go:421.5,424.11 3 1
github.com/d5/tengo/runtime/vm.go:425.24,426.26 1 1
github.com/d5/tengo/runtime/vm.go:430.5,433.11 3 1
github.com/d5/tengo/runtime/vm.go:434.12,435.72 1 1
github.com/d5/tengo/runtime/vm.go:417.26,419.6 1 0
github.com/d5/tengo/runtime/vm.go:426.26,428.6 1 0
github.com/d5/tengo/runtime/vm.go:445.30,447.5 1 1
github.com/d5/tengo/runtime/vm.go:454.27,456.5 1 1
github.com/d5/tengo/runtime/vm.go:456.10,458.5 1 1
github.com/d5/tengo/runtime/vm.go:465.28,467.5 1 1
github.com/d5/tengo/runtime/vm.go:467.10,469.5 1 1
github.com/d5/tengo/runtime/vm.go:490.38,494.33 3 1
github.com/d5/tengo/runtime/vm.go:495.26,496.30 1 1
github.com/d5/tengo/runtime/vm.go:497.23,498.35 1 1
github.com/d5/tengo/runtime/vm.go:499.13,500.68 1 0
github.com/d5/tengo/runtime/vm.go:508.81,510.5 1 1
github.com/d5/tengo/runtime/vm.go:518.25,520.5 1 0
github.com/d5/tengo/runtime/vm.go:530.47,532.5 1 1
github.com/d5/tengo/runtime/vm.go:537.25,539.5 1 0
github.com/d5/tengo/runtime/vm.go:549.50,553.5 3 1
github.com/d5/tengo/runtime/vm.go:558.25,560.5 1 0
github.com/d5/tengo/runtime/vm.go:571.24,573.12 2 1
github.com/d5/tengo/runtime/vm.go:577.5,577.61 1 1
github.com/d5/tengo/runtime/vm.go:581.5,581.26 1 1
github.com/d5/tengo/runtime/vm.go:585.5,586.11 2 1
github.com/d5/tengo/runtime/vm.go:588.25,590.12 2 1
github.com/d5/tengo/runtime/vm.go:594.5,596.54 2 1
github.com/d5/tengo/runtime/vm.go:600.5,600.26 1 1
github.com/d5/tengo/runtime/vm.go:604.5,607.11 3 1
github.com/d5/tengo/runtime/vm.go:609.22,611.12 2 1
github.com/d5/tengo/runtime/vm.go:615.5,617.11 3 1
github.com/d5/tengo/runtime/vm.go:621.5,621.26 1 1
github.com/d5/tengo/runtime/vm.go:625.5,626.11 2 1
github.com/d5/tengo/runtime/vm.go:628.12,629.76 1 0
github.com/d5/tengo/runtime/vm.go:573.12,575.6 1 0
github.com/d5/tengo/runtime/vm.go:577.61,579.6 1 1
github.com/d5/tengo/runtime/vm.go:581.26,583.6 1 0
github.com/d5/tengo/runtime/vm.go:590.12,592.6 1 0
github.com/d5/tengo/runtime/vm.go:596.54,598.6 1 1
github.com/d5/tengo/runtime/vm.go:600.26,602.6 1 0
github.com/d5/tengo/runtime/vm.go:611.12,613.6 1 0
github.com/d5/tengo/runtime/vm.go:617.11,619.6 1 1
github.com/d5/tengo/runtime/vm.go:621.26,623.6 1 0
github.com/d5/tengo/runtime/vm.go:641.28,641.28 0 1
github.com/d5/tengo/runtime/vm.go:643.22,644.23 1 1
github.com/d5/tengo/runtime/vm.go:645.12,646.69 1 0
github.com/d5/tengo/runtime/vm.go:650.28,651.17 1 1
github.com/d5/tengo/runtime/vm.go:652.22,653.25 1 1
github.com/d5/tengo/runtime/vm.go:654.12,655.70 1 0
github.com/d5/tengo/runtime/vm.go:659.24,662.44 2 1
github.com/d5/tengo/runtime/vm.go:665.5,665.20 1 1
github.com/d5/tengo/runtime/vm.go:671.5,671.25 1 1
github.com/d5/tengo/runtime/vm.go:675.5,675.26 1 1
github.com/d5/tengo/runtime/vm.go:679.5,682.11 3 1
github.com/d5/tengo/runtime/vm.go:684.25,687.44 2 1
github.com/d5/tengo/runtime/vm.go:690.5,690.20 1 1
github.com/d5/tengo/runtime/vm.go:696.5,696.25 1 1
github.com/d5/tengo/runtime/vm.go:700.5,700.26 1 1
github.com/d5/tengo/runtime/vm.go:704.5,707.11 3 1
github.com/d5/tengo/runtime/vm.go:709.12,710.58 1 0
github.com/d5/tengo/runtime/vm.go:662.44,664.6 1 1
github.com/d5/tengo/runtime/vm.go:665.20,667.6 1 1
github.com/d5/tengo/runtime/vm.go:667.11,667.52 1 1
github.com/d5/tengo/runtime/vm.go:667.52,669.6 1 1
github.com/d5/tengo/runtime/vm.go:671.25,673.6 1 1
github.com/d5/tengo/runtime/vm.go:675.26,677.6 1 0
github.com/d5/tengo/runtime/vm.go:687.44,689.6 1 1
github.com/d5/tengo/runtime/vm.go:690.20,692.6 1 1
github.com/d5/tengo/runtime/vm.go:692.11,692.52 1 1
github.com/d5/tengo/runtime/vm.go:692.52,694.6 1 1
github.com/d5/tengo/runtime/vm.go:696.25,698.6 1 1
github.com/d5/tengo/runtime/vm.go:700.26,702.6 1 0
github.com/d5/tengo/runtime/vm.go:720.26,721.75 1 1
github.com/d5/tengo/runtime/vm.go:724.35,725.64 1 1
github.com/d5/tengo/runtime/vm.go:728.26,730.54 2 1
github.com/d5/tengo/runtime/vm.go:734.5,738.19 3 1
github.com/d5/tengo/runtime/vm.go:743.5,743.19 1 1
github.com/d5/tengo/runtime/vm.go:747.5,747.26 1 1
github.com/d5/tengo/runtime/vm.go:751.5,752.11 2 1
github.com/d5/tengo/runtime/vm.go:753.12,754.69 1 0
github.com/d5/tengo/runtime/vm.go:721.75,723.6 1 0
github.com/d5/tengo/runtime/vm.go:725.64,727.6 1 1
github.com/d5/tengo/runtime/vm.go:730.54,732.6 1 1
github.com/d5/tengo/runtime/vm.go:738.19,740.6 1 1
github.com/d5/tengo/runtime/vm.go:743.19,745.6 1 0
github.com/d5/tengo/runtime/vm.go:747.26,749.6 1 0
github.com/d5/tengo/runtime/vm.go:785.27,787.5 1 0
github.com/d5/tengo/runtime/vm.go:801.25,803.5 1 0
github.com/d5/tengo/runtime/vm.go:841.38,845.33 3 1
github.com/d5/tengo/runtime/vm.go:846.26,847.30 1 1
github.com/d5/tengo/runtime/vm.go:848.23,849.35 1 1
github.com/d5/tengo/runtime/vm.go:850.13,851.68 1 0
github.com/d5/tengo/runtime/vm.go:861.70,863.5 1 1
github.com/d5/tengo/runtime/vm.go:871.25,873.5 1 0
github.com/d5/tengo/runtime/vm.go:882.25,884.5 1 0
github.com/d5/tengo/runtime/vm.go:894.71,896.5 1 0
github.com/d5/tengo/runtime/vm.go:904.25,906.5 1 0
github.com/d5/tengo/runtime/vm.go:918.38,922.33 3 1
github.com/d5/tengo/runtime/vm.go:923.26,924.30 1 1
github.com/d5/tengo/runtime/vm.go:925.23,926.35 1 0
github.com/d5/tengo/runtime/vm.go:927.13,928.68 1 0
github.com/d5/tengo/runtime/vm.go:936.89,938.5 1 0
github.com/d5/tengo/runtime/vm.go:956.24,957.45 1 1
github.com/d5/tengo/runtime/vm.go:958.22,959.43 1 1
github.com/d5/tengo/runtime/vm.go:960.25,961.46 1 1
github.com/d5/tengo/runtime/vm.go:962.12,963.63 1 0
github.com/d5/tengo/runtime/vm.go:966.25,968.5 1 0
github.com/d5/tengo/runtime/vm.go:978.25,980.5 1 0
github.com/d5/tengo/runtime/vm.go:982.9,984.5 1 1
github.com/d5/tengo/runtime/vm.go:984.10,986.5 1 1
github.com/d5/tengo/runtime/vm.go:995.25,997.5 1 0
github.com/d5/tengo/runtime/vm.go:1008.25,1010.5 1 0
github.com/d5/tengo/runtime/vm.go:1021.29,1023.3 1 0
github.com/d5/tengo/runtime/vm.go:1029.42,1031.2 1 0
github.com/d5/tengo/runtime/vm.go:1034.51,1036.2 1 1
github.com/d5/tengo/runtime/vm.go:1038.57,1042.9 3 1
github.com/d5/tengo/runtime/vm.go:1046.2,1047.31 2 1
github.com/d5/tengo/runtime/vm.go:1050.2,1052.23 2 1
github.com/d5/tengo/runtime/vm.go:1056.2,1064.12 4 1
github.com/d5/tengo/runtime/vm.go:1042.9,1044.3 1 0
github.com/d5/tengo/runtime/vm.go:1047.31,1049.3 1 1
github.com/d5/tengo/runtime/vm.go:1052.23,1054.3 1 0
github.com/d5/tengo/runtime/vm.go:1067.104,1068.33 1 1
github.com/d5/tengo/runtime/vm.go:1074.2,1074.25 1 1
github.com/d5/tengo/runtime/vm.go:1130.2,1155.12 10 1
github.com/d5/tengo/runtime/vm.go:1068.33,1071.3 1 1
github.com/d5/tengo/runtime/vm.go:1074.25,1078.72 2 1
github.com/d5/tengo/runtime/vm.go:1078.72,1100.33 1 1
github.com/d5/tengo/runtime/vm.go:1103.4,1126.14 3 1
github.com/d5/tengo/runtime/vm.go:1100.33,1102.5 1 1
github.com/d5/tengo/runtime/vm.go:1158.78,1161.36 2 1
github.com/d5/tengo/runtime/vm.go:1201.2,1201.12 1 0
github.com/d5/tengo/runtime/vm.go:1161.36,1162.39 1 1
github.com/d5/tengo/runtime/vm.go:1163.15,1165.14 2 1
github.com/d5/tengo/runtime/vm.go:1169.4,1169.23 1 1
github.com/d5/tengo/runtime/vm.go:1174.4,1175.14 2 1
github.com/d5/tengo/runtime/vm.go:1179.4,1179.14 1 1
github.com/d5/tengo/runtime/vm.go:1180.12,1182.16 2 1
github.com/d5/tengo/runtime/vm.go:1186.4,1186.23 1 1
github.com/d5/tengo/runtime/vm.go:1190.4,1191.18 2 0
github.com/d5/tengo/runtime/vm.go:1195.4,1195.14 1 0
github.com/d5/tengo/runtime/vm.go:1196.11,1197.55 1 0
github.com/d5/tengo/runtime/vm.go:1165.14,1167.5 1 1
github.com/d5/tengo/runtime/vm.go:1169.23,1172.5 2 1
github.com/d5/tengo/runtime/vm.go:1175.14,1177.5 1 1
github.com/d5/tengo/runtime/vm.go:1182.16,1184.5 1 0
github.com/d5/tengo/runtime/vm.go:1186.23,1188.5 1 1
github.com/d5/tengo/runtime/vm.go:1191.18,1193.5 1 0
github.com/d5/tengo/runtime/vm.go:1204.13,1206.37 2 1
github.com/d5/tengo/runtime/vm.go:1206.37,1208.3 1 1
